18:05:45:641  INFO 31088 --- [main] com.hmall.cart.CartApplication           : Starting CartApplication using Java 11.0.20 on laptopx with PID 31088 (D:\编程\hmall\cart-service\target\classes started by weng in D:\编程\hmall)
18:05:45:646 DEBUG 31088 --- [main] com.hmall.cart.CartApplication           : Running with Spring Boot v2.7.12, Spring v5.3.27
18:05:45:647  INFO 31088 --- [main] com.hmall.cart.CartApplication           : The following 1 profile is active: "dev"
18:05:46:628  INFO 31088 --- [main] o.s.cloud.context.scope.GenericScope     : BeanFactory id=b8982295-5c81-338c-9e67-4610f7721ea8
18:05:46:950  INFO 31088 --- [main] o.s.b.w.embedded.tomcat.TomcatWebServer  : Tomcat initialized with port(s): 8082 (http)
18:05:46:960  INFO 31088 --- [main] o.apache.catalina.core.StandardService   : Starting service [Tomcat]
18:05:46:960  INFO 31088 --- [main] org.apache.catalina.core.StandardEngine  : Starting Servlet engine: [Apache Tomcat/9.0.75]
18:05:47:104  INFO 31088 --- [main] o.a.c.c.C.[Tomcat].[localhost].[/]       : Initializing Spring embedded WebApplicationContext
18:05:47:104  INFO 31088 --- [main] w.s.c.ServletWebServerApplicationContext : Root WebApplicationContext: initialization completed in 1416 ms
18:05:47:319  INFO 31088 --- [main] o.s.c.openfeign.FeignClientFactoryBean   : For 'item-service' URL not provided. Will try picking an instance via load-balancing.
18:05:48:994  INFO 31088 --- [main] pertySourcedRequestMappingHandlerMapping : Mapped URL path [/v2/api-docs] onto method [springfox.documentation.swagger2.web.Swagger2ControllerWebMvc#getDocumentation(String, HttpServletRequest)]
18:05:49:447  INFO 31088 --- [main] com.alibaba.nacos.common.remote.client   : [RpcClientFactory] create a new rpc client of 4b19f467-b2e9-4b56-9dd8-4cda33c389c3
18:05:49:483  INFO 31088 --- [main] org.reflections.Reflections              : Reflections took 18 ms to scan 1 urls, producing 3 keys and 6 values 
18:05:49:506  INFO 31088 --- [main] org.reflections.Reflections              : Reflections took 7 ms to scan 1 urls, producing 4 keys and 9 values 
18:05:49:516  INFO 31088 --- [main] org.reflections.Reflections              : Reflections took 7 ms to scan 1 urls, producing 3 keys and 10 values 
18:05:49:519  WARN 31088 --- [main] org.reflections.Reflections              : given scan urls are empty. set urls in the configuration
18:05:49:527  INFO 31088 --- [main] org.reflections.Reflections              : Reflections took 7 ms to scan 1 urls, producing 1 keys and 5 values 
18:05:49:537  INFO 31088 --- [main] org.reflections.Reflections              : Reflections took 7 ms to scan 1 urls, producing 1 keys and 7 values 
18:05:49:548  INFO 31088 --- [main] org.reflections.Reflections              : Reflections took 8 ms to scan 1 urls, producing 2 keys and 8 values 
18:05:49:550  WARN 31088 --- [main] org.reflections.Reflections              : given scan urls are empty. set urls in the configuration
18:05:49:551  INFO 31088 --- [main] com.alibaba.nacos.common.remote.client   : [4b19f467-b2e9-4b56-9dd8-4cda33c389c3] RpcClient init label, labels = {module=naming, source=sdk}
18:05:49:553  INFO 31088 --- [main] com.alibaba.nacos.common.remote.client   : [4b19f467-b2e9-4b56-9dd8-4cda33c389c3] RpcClient init, ServerListFactory = com.alibaba.nacos.client.naming.core.ServerListManager
18:05:49:553  INFO 31088 --- [main] com.alibaba.nacos.common.remote.client   : [4b19f467-b2e9-4b56-9dd8-4cda33c389c3] Registry connection listener to current client:com.alibaba.nacos.client.naming.remote.gprc.redo.NamingGrpcRedoService
18:05:49:554  INFO 31088 --- [main] com.alibaba.nacos.common.remote.client   : [4b19f467-b2e9-4b56-9dd8-4cda33c389c3] Register server push request handler:com.alibaba.nacos.client.naming.remote.gprc.NamingPushRequestHandler
18:05:49:555  INFO 31088 --- [main] com.alibaba.nacos.common.remote.client   : [4b19f467-b2e9-4b56-9dd8-4cda33c389c3] Try to connect to server on start up, server: {serverIp = '10.13.0.128', server main port = 8848}
18:05:50:819  INFO 31088 --- [main] com.alibaba.nacos.common.remote.client   : [4b19f467-b2e9-4b56-9dd8-4cda33c389c3] Success to connect to server [10.13.0.128:8848] on start up, connectionId = 1702116349416_10.31.191.90_14612
18:05:50:820  INFO 31088 --- [com.alibaba.nacos.client.remote.worker] com.alibaba.nacos.common.remote.client   : [4b19f467-b2e9-4b56-9dd8-4cda33c389c3] Notify connected event to listeners.
18:05:50:821  INFO 31088 --- [main] com.alibaba.nacos.common.remote.client   : [4b19f467-b2e9-4b56-9dd8-4cda33c389c3] Register server push request handler:com.alibaba.nacos.common.remote.client.RpcClient$ConnectResetRequestHandler
18:05:50:822  INFO 31088 --- [main] com.alibaba.nacos.common.remote.client   : [4b19f467-b2e9-4b56-9dd8-4cda33c389c3] Register server push request handler:com.alibaba.nacos.common.remote.client.RpcClient$$Lambda$991/0x0000000800713c40
18:05:50:870  INFO 31088 --- [main] o.s.b.w.embedded.tomcat.TomcatWebServer  : Tomcat started on port(s): 8082 (http) with context path ''
18:05:50:880  INFO 31088 --- [main] c.a.c.n.registry.NacosServiceRegistry    : nacos registry, DEFAULT_GROUP cart-service 10.31.191.90:8082 register finished
18:05:51:149  INFO 31088 --- [main] d.s.w.p.DocumentationPluginsBootstrapper : Documentation plugins bootstrapped
18:05:51:151  INFO 31088 --- [main] d.s.w.p.DocumentationPluginsBootstrapper : Found 1 custom documentation plugin(s)
18:05:51:170  INFO 31088 --- [main] s.d.s.w.s.ApiListingReferenceScanner     : Scanning for api listing references
18:05:51:239  INFO 31088 --- [main] com.hmall.cart.CartApplication           : Started CartApplication in 6.589 seconds (JVM running for 7.566)
18:05:51:394  INFO 31088 --- [nacos-grpc-client-executor-9] com.alibaba.nacos.common.remote.client   : [4b19f467-b2e9-4b56-9dd8-4cda33c389c3] Receive server push request, request = NotifySubscriberRequest, requestId = 53
18:05:51:395  INFO 31088 --- [nacos-grpc-client-executor-9] com.alibaba.nacos.common.remote.client   : [4b19f467-b2e9-4b56-9dd8-4cda33c389c3] Ack server push request, request = NotifySubscriberRequest, requestId = 53
18:10:02:013  WARN 31088 --- [Thread-7] c.a.n.common.http.HttpClientBeanHolder   : [HttpClientBeanHolder] Start destroying common HttpClient
18:10:02:013  WARN 31088 --- [Thread-4] c.a.nacos.common.notify.NotifyCenter     : [NotifyCenter] Start destroying Publisher
18:10:02:013  WARN 31088 --- [Thread-4] c.a.nacos.common.notify.NotifyCenter     : [NotifyCenter] Destruction of the end
18:10:02:013  WARN 31088 --- [Thread-7] c.a.n.common.http.HttpClientBeanHolder   : [HttpClientBeanHolder] Destruction of the end
18:10:02:308  INFO 31088 --- [SpringApplicationShutdownHook] c.a.c.n.registry.NacosServiceRegistry    : De-registering from Nacos Server now...
18:10:02:317  INFO 31088 --- [SpringApplicationShutdownHook] c.a.c.n.registry.NacosServiceRegistry    : De-registration finished.
18:10:02:656  INFO 31088 --- [SpringApplicationShutdownHook] com.alibaba.nacos.common.remote.client   : Shutdown rpc client, set status to shutdown
18:10:02:658  INFO 31088 --- [SpringApplicationShutdownHook] com.alibaba.nacos.common.remote.client   : Shutdown client event executor java.util.concurrent.ScheduledThreadPoolExecutor@42e22882[Running, pool size = 2, active threads = 2, queued tasks = 0, completed tasks = 0]
18:10:02:658  INFO 31088 --- [SpringApplicationShutdownHook] com.alibaba.nacos.common.remote.client   : Close current connection 1702116349416_10.31.191.90_14612
18:10:02:661  INFO 31088 --- [nacos-grpc-client-executor-70] c.a.n.c.remote.client.grpc.GrpcClient    : [1702116349416_10.31.191.90_14612]Ignore complete event,isRunning:false,isAbandon=false
18:10:02:663  INFO 31088 --- [SpringApplicationShutdownHook] c.a.n.c.remote.client.grpc.GrpcClient    : Shutdown grpc executor java.util.concurrent.ThreadPoolExecutor@7020961d[Running, pool size = 4, active threads = 0, queued tasks = 0, completed tasks = 71]
20:18:17:261  INFO 33360 --- [main] com.hmall.cart.CartApplication           : Starting CartApplication using Java 11.0.20 on laptopx with PID 33360 (D:\编程\hmall\cart-service\target\classes started by weng in D:\编程\hmall)
20:18:17:262 DEBUG 33360 --- [main] com.hmall.cart.CartApplication           : Running with Spring Boot v2.7.12, Spring v5.3.27
20:18:17:263  INFO 33360 --- [main] com.hmall.cart.CartApplication           : The following 1 profile is active: "dev"
20:18:18:263  INFO 33360 --- [main] o.s.cloud.context.scope.GenericScope     : BeanFactory id=2306b9c4-e84c-395c-9285-e23e707394f0
20:18:18:612  INFO 33360 --- [main] o.s.b.w.embedded.tomcat.TomcatWebServer  : Tomcat initialized with port(s): 8082 (http)
20:18:18:622  INFO 33360 --- [main] o.apache.catalina.core.StandardService   : Starting service [Tomcat]
20:18:18:622  INFO 33360 --- [main] org.apache.catalina.core.StandardEngine  : Starting Servlet engine: [Apache Tomcat/9.0.75]
20:18:18:749  INFO 33360 --- [main] o.a.c.c.C.[Tomcat].[localhost].[/]       : Initializing Spring embedded WebApplicationContext
20:18:18:749  INFO 33360 --- [main] w.s.c.ServletWebServerApplicationContext : Root WebApplicationContext: initialization completed in 1445 ms
20:18:18:896  WARN 33360 --- [main] s.c.a.AnnotationConfigApplicationContext : Exception encountered during context initialization - cancelling refresh attempt: org.springframework.beans.factory.UnsatisfiedDependencyException: Error creating bean with name 'org.springframework.boot.autoconfigure.web.servlet.WebMvcAutoConfiguration$EnableWebMvcConfiguration': Unsatisfied dependency expressed through method 'setConfigurers' parameter 0; nested exception is org.springframework.beans.factory.UnsatisfiedDependencyException: Error creating bean with name 'com.hmall.common.config.WebMvcConfig': Unsatisfied dependency expressed through constructor parameter 0; nested exception is org.springframework.beans.factory.NoSuchBeanDefinitionException: No qualifying bean of type 'com.hmall.common.interceptor.UserInfoInterceptor' available: expected at least 1 bean which qualifies as autowire candidate. Dependency annotations: {}
20:18:18:899  WARN 33360 --- [main] ConfigServletWebServerApplicationContext : Exception encountered during context initialization - cancelling refresh attempt: org.springframework.beans.factory.UnsatisfiedDependencyException: Error creating bean with name 'cartController' defined in file [D:\编程\hmall\cart-service\target\classes\com\hmall\cart\controller\CartController.class]: Unsatisfied dependency expressed through constructor parameter 0; nested exception is org.springframework.beans.factory.UnsatisfiedDependencyException: Error creating bean with name 'cartServiceImpl' defined in file [D:\编程\hmall\cart-service\target\classes\com\hmall\cart\service\impl\CartServiceImpl.class]: Unsatisfied dependency expressed through constructor parameter 0; nested exception is org.springframework.beans.factory.UnsatisfiedDependencyException: Error creating bean with name 'org.springframework.boot.autoconfigure.web.servlet.WebMvcAutoConfiguration$EnableWebMvcConfiguration': Unsatisfied dependency expressed through method 'setConfigurers' parameter 0; nested exception is org.springframework.beans.factory.UnsatisfiedDependencyException: Error creating bean with name 'com.hmall.common.config.WebMvcConfig': Unsatisfied dependency expressed through constructor parameter 0; nested exception is org.springframework.beans.factory.NoSuchBeanDefinitionException: No qualifying bean of type 'com.hmall.common.interceptor.UserInfoInterceptor' available: expected at least 1 bean which qualifies as autowire candidate. Dependency annotations: {}
20:18:18:900  INFO 33360 --- [main] o.apache.catalina.core.StandardService   : Stopping service [Tomcat]
20:18:18:916  INFO 33360 --- [main] ConditionEvaluationReportLoggingListener : 

Error starting ApplicationContext. To display the conditions report re-run your application with 'debug' enabled.
20:18:18:934 ERROR 33360 --- [main] o.s.b.d.LoggingFailureAnalysisReporter   : 

***************************
APPLICATION FAILED TO START
***************************

Description:

Parameter 0 of constructor in com.hmall.common.config.WebMvcConfig required a bean of type 'com.hmall.common.interceptor.UserInfoInterceptor' that could not be found.


Action:

Consider defining a bean of type 'com.hmall.common.interceptor.UserInfoInterceptor' in your configuration.

20:32:11:991  INFO 35300 --- [main] com.hmall.cart.CartApplication           : Starting CartApplication using Java 11.0.20 on laptopx with PID 35300 (D:\编程\hmall\cart-service\target\classes started by weng in D:\编程\hmall)
20:32:11:993 DEBUG 35300 --- [main] com.hmall.cart.CartApplication           : Running with Spring Boot v2.7.12, Spring v5.3.27
20:32:11:993  INFO 35300 --- [main] com.hmall.cart.CartApplication           : The following 1 profile is active: "dev"
20:32:13:035  INFO 35300 --- [main] o.s.cloud.context.scope.GenericScope     : BeanFactory id=8c5ccfb6-06bf-3b65-b48c-dab94ae32019
20:32:13:375  INFO 35300 --- [main] o.s.b.w.embedded.tomcat.TomcatWebServer  : Tomcat initialized with port(s): 8082 (http)
20:32:13:383  INFO 35300 --- [main] o.apache.catalina.core.StandardService   : Starting service [Tomcat]
20:32:13:383  INFO 35300 --- [main] org.apache.catalina.core.StandardEngine  : Starting Servlet engine: [Apache Tomcat/9.0.75]
20:32:13:504  INFO 35300 --- [main] o.a.c.c.C.[Tomcat].[localhost].[/]       : Initializing Spring embedded WebApplicationContext
20:32:13:505  INFO 35300 --- [main] w.s.c.ServletWebServerApplicationContext : Root WebApplicationContext: initialization completed in 1465 ms
20:32:13:759  INFO 35300 --- [main] o.s.c.openfeign.FeignClientFactoryBean   : For 'item-service' URL not provided. Will try picking an instance via load-balancing.
20:32:15:627  INFO 35300 --- [main] pertySourcedRequestMappingHandlerMapping : Mapped URL path [/v2/api-docs] onto method [springfox.documentation.swagger2.web.Swagger2ControllerWebMvc#getDocumentation(String, HttpServletRequest)]
20:32:16:063  INFO 35300 --- [main] com.alibaba.nacos.common.remote.client   : [RpcClientFactory] create a new rpc client of 9ea437d3-1014-42b7-a68a-dda428a01d0f
20:32:16:106  INFO 35300 --- [main] org.reflections.Reflections              : Reflections took 20 ms to scan 1 urls, producing 3 keys and 6 values 
20:32:16:129  INFO 35300 --- [main] org.reflections.Reflections              : Reflections took 8 ms to scan 1 urls, producing 4 keys and 9 values 
20:32:16:138  INFO 35300 --- [main] org.reflections.Reflections              : Reflections took 6 ms to scan 1 urls, producing 3 keys and 10 values 
20:32:16:142  WARN 35300 --- [main] org.reflections.Reflections              : given scan urls are empty. set urls in the configuration
20:32:16:147  INFO 35300 --- [main] org.reflections.Reflections              : Reflections took 5 ms to scan 1 urls, producing 1 keys and 5 values 
20:32:16:155  INFO 35300 --- [main] org.reflections.Reflections              : Reflections took 5 ms to scan 1 urls, producing 1 keys and 7 values 
20:32:16:164  INFO 35300 --- [main] org.reflections.Reflections              : Reflections took 5 ms to scan 1 urls, producing 2 keys and 8 values 
20:32:16:167  WARN 35300 --- [main] org.reflections.Reflections              : given scan urls are empty. set urls in the configuration
20:32:16:168  INFO 35300 --- [main] com.alibaba.nacos.common.remote.client   : [9ea437d3-1014-42b7-a68a-dda428a01d0f] RpcClient init label, labels = {module=naming, source=sdk}
20:32:16:170  INFO 35300 --- [main] com.alibaba.nacos.common.remote.client   : [9ea437d3-1014-42b7-a68a-dda428a01d0f] RpcClient init, ServerListFactory = com.alibaba.nacos.client.naming.core.ServerListManager
20:32:16:170  INFO 35300 --- [main] com.alibaba.nacos.common.remote.client   : [9ea437d3-1014-42b7-a68a-dda428a01d0f] Registry connection listener to current client:com.alibaba.nacos.client.naming.remote.gprc.redo.NamingGrpcRedoService
20:32:16:170  INFO 35300 --- [main] com.alibaba.nacos.common.remote.client   : [9ea437d3-1014-42b7-a68a-dda428a01d0f] Register server push request handler:com.alibaba.nacos.client.naming.remote.gprc.NamingPushRequestHandler
20:32:16:172  INFO 35300 --- [main] com.alibaba.nacos.common.remote.client   : [9ea437d3-1014-42b7-a68a-dda428a01d0f] Try to connect to server on start up, server: {serverIp = '10.13.0.128', server main port = 8848}
20:32:17:510  INFO 35300 --- [main] com.alibaba.nacos.common.remote.client   : [9ea437d3-1014-42b7-a68a-dda428a01d0f] Success to connect to server [10.13.0.128:8848] on start up, connectionId = 1702125135908_10.31.191.90_8910
20:32:17:511  INFO 35300 --- [com.alibaba.nacos.client.remote.worker] com.alibaba.nacos.common.remote.client   : [9ea437d3-1014-42b7-a68a-dda428a01d0f] Notify connected event to listeners.
20:32:17:512  INFO 35300 --- [main] com.alibaba.nacos.common.remote.client   : [9ea437d3-1014-42b7-a68a-dda428a01d0f] Register server push request handler:com.alibaba.nacos.common.remote.client.RpcClient$ConnectResetRequestHandler
20:32:17:513  INFO 35300 --- [main] com.alibaba.nacos.common.remote.client   : [9ea437d3-1014-42b7-a68a-dda428a01d0f] Register server push request handler:com.alibaba.nacos.common.remote.client.RpcClient$$Lambda$991/0x0000000800713c40
20:32:17:576  INFO 35300 --- [main] o.s.b.w.embedded.tomcat.TomcatWebServer  : Tomcat started on port(s): 8082 (http) with context path ''
20:32:17:589  INFO 35300 --- [main] c.a.c.n.registry.NacosServiceRegistry    : nacos registry, DEFAULT_GROUP cart-service 10.31.191.90:8082 register finished
20:32:17:891  INFO 35300 --- [main] d.s.w.p.DocumentationPluginsBootstrapper : Documentation plugins bootstrapped
20:32:17:893  INFO 35300 --- [main] d.s.w.p.DocumentationPluginsBootstrapper : Found 1 custom documentation plugin(s)
20:32:17:916  INFO 35300 --- [main] s.d.s.w.s.ApiListingReferenceScanner     : Scanning for api listing references
20:32:18:015  INFO 35300 --- [main] com.hmall.cart.CartApplication           : Started CartApplication in 7.002 seconds (JVM running for 7.762)
20:32:18:065  INFO 35300 --- [nacos-grpc-client-executor-8] com.alibaba.nacos.common.remote.client   : [9ea437d3-1014-42b7-a68a-dda428a01d0f] Receive server push request, request = NotifySubscriberRequest, requestId = 63
20:32:18:068  INFO 35300 --- [nacos-grpc-client-executor-8] com.alibaba.nacos.common.remote.client   : [9ea437d3-1014-42b7-a68a-dda428a01d0f] Ack server push request, request = NotifySubscriberRequest, requestId = 63
20:39:03:663  INFO 35300 --- [http-nio-8082-exec-1] o.a.c.c.C.[Tomcat].[localhost].[/]       : Initializing Spring DispatcherServlet 'dispatcherServlet'
20:39:03:664  INFO 35300 --- [http-nio-8082-exec-1] o.s.web.servlet.DispatcherServlet        : Initializing Servlet 'dispatcherServlet'
20:39:03:665  INFO 35300 --- [http-nio-8082-exec-1] o.s.web.servlet.DispatcherServlet        : Completed initialization in 1 ms
20:39:03:765  INFO 35300 --- [http-nio-8082-exec-1] com.zaxxer.hikari.HikariDataSource       : HikariPool-1 - Starting...
20:39:04:014  INFO 35300 --- [http-nio-8082-exec-1] com.zaxxer.hikari.HikariDataSource       : HikariPool-1 - Start completed.
20:39:04:019 DEBUG 35300 --- [http-nio-8082-exec-1] c.h.cart.mapper.CartMapper.selectList    : ==>  Preparing: SELECT id,user_id,item_id,num,name,spec,price,image,create_time,update_time FROM cart WHERE (user_id = ?)
20:39:04:038 DEBUG 35300 --- [http-nio-8082-exec-1] c.h.cart.mapper.CartMapper.selectList    : ==> Parameters: 1(Long)
20:39:04:059 DEBUG 35300 --- [http-nio-8082-exec-1] c.h.cart.mapper.CartMapper.selectList    : <==      Total: 1
20:39:04:196  WARN 35300 --- [http-nio-8082-exec-1] o.s.c.l.core.RoundRobinLoadBalancer      : No servers available for service: item-service
20:39:04:197  WARN 35300 --- [http-nio-8082-exec-1] .s.c.o.l.FeignBlockingLoadBalancerClient : Load balancer does not contain an instance for the service item-service
20:39:04:213 ERROR 35300 --- [http-nio-8082-exec-1] o.a.c.c.C.[.[.[/].[dispatcherServlet]    : Servlet.service() for servlet [dispatcherServlet] in context with path [] threw exception [Request processing failed; nested exception is feign.FeignException$ServiceUnavailable: [503] during [GET] to [http://item-service/items?ids=100000006163] [ItemClient#queryItemByIds(Collection)]: [Load balancer does not contain an instance for the service item-service]] with root cause

feign.FeignException$ServiceUnavailable: [503] during [GET] to [http://item-service/items?ids=100000006163] [ItemClient#queryItemByIds(Collection)]: [Load balancer does not contain an instance for the service item-service]
	at feign.FeignException.serverErrorStatus(FeignException.java:256) ~[feign-core-11.8.jar:na]
	at feign.FeignException.errorStatus(FeignException.java:197) ~[feign-core-11.8.jar:na]
	at feign.FeignException.errorStatus(FeignException.java:185) ~[feign-core-11.8.jar:na]
	at feign.codec.ErrorDecoder$Default.decode(ErrorDecoder.java:92) ~[feign-core-11.8.jar:na]
	at feign.AsyncResponseHandler.handleResponse(AsyncResponseHandler.java:96) ~[feign-core-11.8.jar:na]
	at feign.SynchronousMethodHandler.executeAndDecode(SynchronousMethodHandler.java:138) ~[feign-core-11.8.jar:na]
	at feign.SynchronousMethodHandler.invoke(SynchronousMethodHandler.java:89) ~[feign-core-11.8.jar:na]
	at feign.ReflectiveFeign$FeignInvocationHandler.invoke(ReflectiveFeign.java:100) ~[feign-core-11.8.jar:na]
	at com.sun.proxy.$Proxy109.queryItemByIds(Unknown Source) ~[na:na]
	at com.hmall.cart.service.impl.CartServiceImpl.handleCartItems(CartServiceImpl.java:91) ~[classes/:na]
	at com.hmall.cart.service.impl.CartServiceImpl.queryMyCarts(CartServiceImpl.java:81) ~[classes/:na]
	at com.hmall.cart.service.impl.CartServiceImpl$$FastClassBySpringCGLIB$$7813828f.invoke(<generated>) ~[classes/:na]
	at org.springframework.cglib.proxy.MethodProxy.invoke(MethodProxy.java:218) ~[spring-core-5.3.27.jar:5.3.27]
	at org.springframework.aop.framework.CglibAopProxy.invokeMethod(CglibAopProxy.java:386) ~[spring-aop-5.3.27.jar:5.3.27]
	at org.springframework.aop.framework.CglibAopProxy.access$000(CglibAopProxy.java:85) ~[spring-aop-5.3.27.jar:5.3.27]
	at org.springframework.aop.framework.CglibAopProxy$DynamicAdvisedInterceptor.intercept(CglibAopProxy.java:704) ~[spring-aop-5.3.27.jar:5.3.27]
	at com.hmall.cart.service.impl.CartServiceImpl$$EnhancerBySpringCGLIB$$9edf77f4.queryMyCarts(<generated>) ~[classes/:na]
	at com.hmall.cart.controller.CartController.queryMyCarts(CartController.java:47) ~[classes/:na]
	at java.base/jdk.internal.reflect.NativeMethodAccessorImpl.invoke0(Native Method) ~[na:na]
	at java.base/jdk.internal.reflect.NativeMethodAccessorImpl.invoke(NativeMethodAccessorImpl.java:62) ~[na:na]
	at java.base/jdk.internal.reflect.DelegatingMethodAccessorImpl.invoke(DelegatingMethodAccessorImpl.java:43) ~[na:na]
	at java.base/java.lang.reflect.Method.invoke(Method.java:566) ~[na:na]
	at org.springframework.web.method.support.InvocableHandlerMethod.doInvoke(InvocableHandlerMethod.java:205) ~[spring-web-5.3.27.jar:5.3.27]
	at org.springframework.web.method.support.InvocableHandlerMethod.invokeForRequest(InvocableHandlerMethod.java:150) ~[spring-web-5.3.27.jar:5.3.27]
	at org.springframework.web.servlet.mvc.method.annotation.ServletInvocableHandlerMethod.invokeAndHandle(ServletInvocableHandlerMethod.java:117) ~[spring-webmvc-5.3.27.jar:5.3.27]
	at org.springframework.web.servlet.mvc.method.annotation.RequestMappingHandlerAdapter.invokeHandlerMethod(RequestMappingHandlerAdapter.java:895) ~[spring-webmvc-5.3.27.jar:5.3.27]
	at org.springframework.web.servlet.mvc.method.annotation.RequestMappingHandlerAdapter.handleInternal(RequestMappingHandlerAdapter.java:808) ~[spring-webmvc-5.3.27.jar:5.3.27]
	at org.springframework.web.servlet.mvc.method.AbstractHandlerMethodAdapter.handle(AbstractHandlerMethodAdapter.java:87) ~[spring-webmvc-5.3.27.jar:5.3.27]
	at org.springframework.web.servlet.DispatcherServlet.doDispatch(DispatcherServlet.java:1072) ~[spring-webmvc-5.3.27.jar:5.3.27]
	at org.springframework.web.servlet.DispatcherServlet.doService(DispatcherServlet.java:965) ~[spring-webmvc-5.3.27.jar:5.3.27]
	at org.springframework.web.servlet.FrameworkServlet.processRequest(FrameworkServlet.java:1006) ~[spring-webmvc-5.3.27.jar:5.3.27]
	at org.springframework.web.servlet.FrameworkServlet.doGet(FrameworkServlet.java:898) ~[spring-webmvc-5.3.27.jar:5.3.27]
	at javax.servlet.http.HttpServlet.service(HttpServlet.java:529) ~[tomcat-embed-core-9.0.75.jar:4.0.FR]
	at org.springframework.web.servlet.FrameworkServlet.service(FrameworkServlet.java:883) ~[spring-webmvc-5.3.27.jar:5.3.27]
	at javax.servlet.http.HttpServlet.service(HttpServlet.java:623) ~[tomcat-embed-core-9.0.75.jar:4.0.FR]
	at org.apache.catalina.core.ApplicationFilterChain.internalDoFilter(ApplicationFilterChain.java:209) ~[tomcat-embed-core-9.0.75.jar:9.0.75]
	at org.apache.catalina.core.ApplicationFilterChain.doFilter(ApplicationFilterChain.java:153) ~[tomcat-embed-core-9.0.75.jar:9.0.75]
	at org.apache.tomcat.websocket.server.WsFilter.doFilter(WsFilter.java:51) ~[tomcat-embed-websocket-9.0.75.jar:9.0.75]
	at org.apache.catalina.core.ApplicationFilterChain.internalDoFilter(ApplicationFilterChain.java:178) ~[tomcat-embed-core-9.0.75.jar:9.0.75]
	at org.apache.catalina.core.ApplicationFilterChain.doFilter(ApplicationFilterChain.java:153) ~[tomcat-embed-core-9.0.75.jar:9.0.75]
	at org.springframework.web.filter.RequestContextFilter.doFilterInternal(RequestContextFilter.java:100) ~[spring-web-5.3.27.jar:5.3.27]
	at org.springframework.web.filter.OncePerRequestFilter.doFilter(OncePerRequestFilter.java:117) ~[spring-web-5.3.27.jar:5.3.27]
	at org.apache.catalina.core.ApplicationFilterChain.internalDoFilter(ApplicationFilterChain.java:178) ~[tomcat-embed-core-9.0.75.jar:9.0.75]
	at org.apache.catalina.core.ApplicationFilterChain.doFilter(ApplicationFilterChain.java:153) ~[tomcat-embed-core-9.0.75.jar:9.0.75]
	at org.springframework.web.filter.FormContentFilter.doFilterInternal(FormContentFilter.java:93) ~[spring-web-5.3.27.jar:5.3.27]
	at org.springframework.web.filter.OncePerRequestFilter.doFilter(OncePerRequestFilter.java:117) ~[spring-web-5.3.27.jar:5.3.27]
	at org.apache.catalina.core.ApplicationFilterChain.internalDoFilter(ApplicationFilterChain.java:178) ~[tomcat-embed-core-9.0.75.jar:9.0.75]
	at org.apache.catalina.core.ApplicationFilterChain.doFilter(ApplicationFilterChain.java:153) ~[tomcat-embed-core-9.0.75.jar:9.0.75]
	at org.springframework.web.filter.CharacterEncodingFilter.doFilterInternal(CharacterEncodingFilter.java:201) ~[spring-web-5.3.27.jar:5.3.27]
	at org.springframework.web.filter.OncePerRequestFilter.doFilter(OncePerRequestFilter.java:117) ~[spring-web-5.3.27.jar:5.3.27]
	at org.apache.catalina.core.ApplicationFilterChain.internalDoFilter(ApplicationFilterChain.java:178) ~[tomcat-embed-core-9.0.75.jar:9.0.75]
	at org.apache.catalina.core.ApplicationFilterChain.doFilter(ApplicationFilterChain.java:153) ~[tomcat-embed-core-9.0.75.jar:9.0.75]
	at org.apache.catalina.core.StandardWrapperValve.invoke(StandardWrapperValve.java:167) ~[tomcat-embed-core-9.0.75.jar:9.0.75]
	at org.apache.catalina.core.StandardContextValve.invoke(StandardContextValve.java:90) ~[tomcat-embed-core-9.0.75.jar:9.0.75]
	at org.apache.catalina.authenticator.AuthenticatorBase.invoke(AuthenticatorBase.java:481) ~[tomcat-embed-core-9.0.75.jar:9.0.75]
	at org.apache.catalina.core.StandardHostValve.invoke(StandardHostValve.java:130) ~[tomcat-embed-core-9.0.75.jar:9.0.75]
	at org.apache.catalina.valves.ErrorReportValve.invoke(ErrorReportValve.java:93) ~[tomcat-embed-core-9.0.75.jar:9.0.75]
	at org.apache.catalina.core.StandardEngineValve.invoke(StandardEngineValve.java:74) ~[tomcat-embed-core-9.0.75.jar:9.0.75]
	at org.apache.catalina.connector.CoyoteAdapter.service(CoyoteAdapter.java:343) ~[tomcat-embed-core-9.0.75.jar:9.0.75]
	at org.apache.coyote.http11.Http11Processor.service(Http11Processor.java:390) ~[tomcat-embed-core-9.0.75.jar:9.0.75]
	at org.apache.coyote.AbstractProcessorLight.process(AbstractProcessorLight.java:63) ~[tomcat-embed-core-9.0.75.jar:9.0.75]
	at org.apache.coyote.AbstractProtocol$ConnectionHandler.process(AbstractProtocol.java:926) ~[tomcat-embed-core-9.0.75.jar:9.0.75]
	at org.apache.tomcat.util.net.NioEndpoint$SocketProcessor.doRun(NioEndpoint.java:1791) ~[tomcat-embed-core-9.0.75.jar:9.0.75]
	at org.apache.tomcat.util.net.SocketProcessorBase.run(SocketProcessorBase.java:52) ~[tomcat-embed-core-9.0.75.jar:9.0.75]
	at org.apache.tomcat.util.threads.ThreadPoolExecutor.runWorker(ThreadPoolExecutor.java:1191) ~[tomcat-embed-core-9.0.75.jar:9.0.75]
	at org.apache.tomcat.util.threads.ThreadPoolExecutor$Worker.run(ThreadPoolExecutor.java:659) ~[tomcat-embed-core-9.0.75.jar:9.0.75]
	at org.apache.tomcat.util.threads.TaskThread$WrappingRunnable.run(TaskThread.java:61) ~[tomcat-embed-core-9.0.75.jar:9.0.75]
	at java.base/java.lang.Thread.run(Thread.java:834) ~[na:na]

20:39:04:749  INFO 35300 --- [nacos-grpc-client-executor-95] com.alibaba.nacos.common.remote.client   : [9ea437d3-1014-42b7-a68a-dda428a01d0f] Receive server push request, request = NotifySubscriberRequest, requestId = 67
20:39:04:749  INFO 35300 --- [nacos-grpc-client-executor-95] com.alibaba.nacos.common.remote.client   : [9ea437d3-1014-42b7-a68a-dda428a01d0f] Ack server push request, request = NotifySubscriberRequest, requestId = 67
20:40:58:787  INFO 35300 --- [nacos-grpc-client-executor-121] com.alibaba.nacos.common.remote.client   : [9ea437d3-1014-42b7-a68a-dda428a01d0f] Receive server push request, request = NotifySubscriberRequest, requestId = 70
20:40:58:790  INFO 35300 --- [nacos-grpc-client-executor-121] com.alibaba.nacos.common.remote.client   : [9ea437d3-1014-42b7-a68a-dda428a01d0f] Ack server push request, request = NotifySubscriberRequest, requestId = 70
20:42:31:079 DEBUG 35300 --- [http-nio-8082-exec-2] c.h.cart.mapper.CartMapper.selectList    : ==>  Preparing: SELECT id,user_id,item_id,num,name,spec,price,image,create_time,update_time FROM cart WHERE (user_id = ?)
20:42:31:080 DEBUG 35300 --- [http-nio-8082-exec-2] c.h.cart.mapper.CartMapper.selectList    : ==> Parameters: 2(Long)
20:42:31:084 DEBUG 35300 --- [http-nio-8082-exec-2] c.h.cart.mapper.CartMapper.selectList    : <==      Total: 0
20:42:57:148 DEBUG 35300 --- [http-nio-8082-exec-3] c.h.cart.mapper.CartMapper.selectList    : ==>  Preparing: SELECT id,user_id,item_id,num,name,spec,price,image,create_time,update_time FROM cart WHERE (user_id = ?)
20:42:57:149 DEBUG 35300 --- [http-nio-8082-exec-3] c.h.cart.mapper.CartMapper.selectList    : ==> Parameters: 2(Long)
20:42:57:152 DEBUG 35300 --- [http-nio-8082-exec-3] c.h.cart.mapper.CartMapper.selectList    : <==      Total: 0
20:43:01:520 DEBUG 35300 --- [http-nio-8082-exec-4] c.h.cart.mapper.CartMapper.selectList    : ==>  Preparing: SELECT id,user_id,item_id,num,name,spec,price,image,create_time,update_time FROM cart WHERE (user_id = ?)
20:43:01:521 DEBUG 35300 --- [http-nio-8082-exec-4] c.h.cart.mapper.CartMapper.selectList    : ==> Parameters: 2(Long)
20:43:01:525 DEBUG 35300 --- [http-nio-8082-exec-4] c.h.cart.mapper.CartMapper.selectList    : <==      Total: 0
20:43:09:612 DEBUG 35300 --- [http-nio-8082-exec-5] c.h.cart.mapper.CartMapper.selectList    : ==>  Preparing: SELECT id,user_id,item_id,num,name,spec,price,image,create_time,update_time FROM cart WHERE (user_id = ?)
20:43:09:613 DEBUG 35300 --- [http-nio-8082-exec-5] c.h.cart.mapper.CartMapper.selectList    : ==> Parameters: 2(Long)
20:43:09:618 DEBUG 35300 --- [http-nio-8082-exec-5] c.h.cart.mapper.CartMapper.selectList    : <==      Total: 0
20:49:32:408 DEBUG 35300 --- [http-nio-8082-exec-7] c.h.cart.mapper.CartMapper.selectList    : ==>  Preparing: SELECT id,user_id,item_id,num,name,spec,price,image,create_time,update_time FROM cart WHERE (user_id = ?)
20:49:32:409 DEBUG 35300 --- [http-nio-8082-exec-7] c.h.cart.mapper.CartMapper.selectList    : ==> Parameters: 2(Long)
20:49:32:412 DEBUG 35300 --- [http-nio-8082-exec-7] c.h.cart.mapper.CartMapper.selectList    : <==      Total: 0
20:50:17:179 DEBUG 35300 --- [http-nio-8082-exec-8] c.h.cart.mapper.CartMapper.selectList    : ==>  Preparing: SELECT id,user_id,item_id,num,name,spec,price,image,create_time,update_time FROM cart WHERE (user_id = ?)
20:50:17:179 DEBUG 35300 --- [http-nio-8082-exec-8] c.h.cart.mapper.CartMapper.selectList    : ==> Parameters: 1(Long)
20:50:17:186 DEBUG 35300 --- [http-nio-8082-exec-8] c.h.cart.mapper.CartMapper.selectList    : <==      Total: 1
20:50:36:524 DEBUG 35300 --- [http-nio-8082-exec-9] c.h.cart.mapper.CartMapper.selectList    : ==>  Preparing: SELECT id,user_id,item_id,num,name,spec,price,image,create_time,update_time FROM cart WHERE (user_id = ?)
20:50:36:524 DEBUG 35300 --- [http-nio-8082-exec-9] c.h.cart.mapper.CartMapper.selectList    : ==> Parameters: 1(Long)
20:50:36:528 DEBUG 35300 --- [http-nio-8082-exec-9] c.h.cart.mapper.CartMapper.selectList    : <==      Total: 1
21:08:48:323  INFO 35300 --- [com.alibaba.nacos.client.remote.worker] com.alibaba.nacos.common.remote.client   : [9ea437d3-1014-42b7-a68a-dda428a01d0f] Server healthy check fail, currentConnection = 1702125135908_10.31.191.90_8910
21:08:48:323  INFO 35300 --- [com.alibaba.nacos.client.remote.worker] com.alibaba.nacos.common.remote.client   : [9ea437d3-1014-42b7-a68a-dda428a01d0f] Try to reconnect to a new server, server is  not appointed, will choose a random server.
21:08:51:340 ERROR 35300 --- [com.alibaba.nacos.client.remote.worker] c.a.n.c.remote.client.grpc.GrpcClient    : Server check fail, please check server 10.13.0.128 ,port 9848 is available , error ={}

java.util.concurrent.TimeoutException: Waited 3000 milliseconds (plus 13 milliseconds, 975000 nanoseconds delay) for com.alibaba.nacos.shaded.io.grpc.stub.ClientCalls$GrpcFuture@1e62ed69[status=PENDING, info=[GrpcFuture{clientCall={delegate={delegate=ClientCallImpl{method=MethodDescriptor{fullMethodName=Request/request, type=UNARY, idempotent=false, safe=false, sampledToLocalTracing=true, requestMarshaller=com.alibaba.nacos.shaded.io.grpc.protobuf.lite.ProtoLiteUtils$MessageMarshaller@3bb9fcf0, responseMarshaller=com.alibaba.nacos.shaded.io.grpc.protobuf.lite.ProtoLiteUtils$MessageMarshaller@2489bdae, schemaDescriptor=com.alibaba.nacos.api.grpc.auto.RequestGrpc$RequestMethodDescriptorSupplier@68e88ca4}}}}}]]
	at com.alibaba.nacos.shaded.com.google.common.util.concurrent.AbstractFuture.get(AbstractFuture.java:508) ~[nacos-client-2.0.4.jar:na]
	at com.alibaba.nacos.common.remote.client.grpc.GrpcClient.serverCheck(GrpcClient.java:148) ~[nacos-client-2.0.4.jar:na]
	at com.alibaba.nacos.common.remote.client.grpc.GrpcClient.connectToServer(GrpcClient.java:264) ~[nacos-client-2.0.4.jar:na]
	at com.alibaba.nacos.common.remote.client.RpcClient.reconnect(RpcClient.java:522) ~[nacos-client-2.0.4.jar:na]
	at com.alibaba.nacos.common.remote.client.RpcClient.lambda$start$2(RpcClient.java:370) ~[nacos-client-2.0.4.jar:na]
	at java.base/java.util.concurrent.Executors$RunnableAdapter.call(Executors.java:515) ~[na:na]
	at java.base/java.util.concurrent.FutureTask.run(FutureTask.java:264) ~[na:na]
	at java.base/java.util.concurrent.ScheduledThreadPoolExecutor$ScheduledFutureTask.run(ScheduledThreadPoolExecutor.java:304) ~[na:na]
	at java.base/java.util.concurrent.ThreadPoolExecutor.runWorker(ThreadPoolExecutor.java:1128) ~[na:na]
	at java.base/java.util.concurrent.ThreadPoolExecutor$Worker.run(ThreadPoolExecutor.java:628) ~[na:na]
	at java.base/java.lang.Thread.run(Thread.java:834) ~[na:na]

21:08:54:458 ERROR 35300 --- [com.alibaba.nacos.client.remote.worker] c.a.n.c.remote.client.grpc.GrpcClient    : Server check fail, please check server 10.13.0.128 ,port 9848 is available , error ={}

java.util.concurrent.TimeoutException: Waited 3000 milliseconds (plus 7 milliseconds, 310800 nanoseconds delay) for com.alibaba.nacos.shaded.io.grpc.stub.ClientCalls$GrpcFuture@65ca298d[status=PENDING, info=[GrpcFuture{clientCall={delegate={delegate=ClientCallImpl{method=MethodDescriptor{fullMethodName=Request/request, type=UNARY, idempotent=false, safe=false, sampledToLocalTracing=true, requestMarshaller=com.alibaba.nacos.shaded.io.grpc.protobuf.lite.ProtoLiteUtils$MessageMarshaller@3bb9fcf0, responseMarshaller=com.alibaba.nacos.shaded.io.grpc.protobuf.lite.ProtoLiteUtils$MessageMarshaller@2489bdae, schemaDescriptor=com.alibaba.nacos.api.grpc.auto.RequestGrpc$RequestMethodDescriptorSupplier@68e88ca4}}}}}]]
	at com.alibaba.nacos.shaded.com.google.common.util.concurrent.AbstractFuture.get(AbstractFuture.java:508) ~[nacos-client-2.0.4.jar:na]
	at com.alibaba.nacos.common.remote.client.grpc.GrpcClient.serverCheck(GrpcClient.java:148) ~[nacos-client-2.0.4.jar:na]
	at com.alibaba.nacos.common.remote.client.grpc.GrpcClient.connectToServer(GrpcClient.java:264) ~[nacos-client-2.0.4.jar:na]
	at com.alibaba.nacos.common.remote.client.RpcClient.reconnect(RpcClient.java:522) ~[nacos-client-2.0.4.jar:na]
	at com.alibaba.nacos.common.remote.client.RpcClient.lambda$start$2(RpcClient.java:370) ~[nacos-client-2.0.4.jar:na]
	at java.base/java.util.concurrent.Executors$RunnableAdapter.call(Executors.java:515) ~[na:na]
	at java.base/java.util.concurrent.FutureTask.run(FutureTask.java:264) ~[na:na]
	at java.base/java.util.concurrent.ScheduledThreadPoolExecutor$ScheduledFutureTask.run(ScheduledThreadPoolExecutor.java:304) ~[na:na]
	at java.base/java.util.concurrent.ThreadPoolExecutor.runWorker(ThreadPoolExecutor.java:1128) ~[na:na]
	at java.base/java.util.concurrent.ThreadPoolExecutor$Worker.run(ThreadPoolExecutor.java:628) ~[na:na]
	at java.base/java.lang.Thread.run(Thread.java:834) ~[na:na]

21:08:54:459  INFO 35300 --- [com.alibaba.nacos.client.remote.worker] com.alibaba.nacos.common.remote.client   : [9ea437d3-1014-42b7-a68a-dda428a01d0f] Fail to connect server, after trying 1 times, last try server is {serverIp = '10.13.0.128', server main port = 8848}, error = unknown
21:08:57:665 ERROR 35300 --- [com.alibaba.nacos.client.remote.worker] c.a.n.c.remote.client.grpc.GrpcClient    : Server check fail, please check server 10.13.0.128 ,port 9848 is available , error ={}

java.util.concurrent.TimeoutException: Waited 3000 milliseconds (plus 2 milliseconds, 108800 nanoseconds delay) for com.alibaba.nacos.shaded.io.grpc.stub.ClientCalls$GrpcFuture@d78feb2[status=PENDING, info=[GrpcFuture{clientCall={delegate={delegate=ClientCallImpl{method=MethodDescriptor{fullMethodName=Request/request, type=UNARY, idempotent=false, safe=false, sampledToLocalTracing=true, requestMarshaller=com.alibaba.nacos.shaded.io.grpc.protobuf.lite.ProtoLiteUtils$MessageMarshaller@3bb9fcf0, responseMarshaller=com.alibaba.nacos.shaded.io.grpc.protobuf.lite.ProtoLiteUtils$MessageMarshaller@2489bdae, schemaDescriptor=com.alibaba.nacos.api.grpc.auto.RequestGrpc$RequestMethodDescriptorSupplier@68e88ca4}}}}}]]
	at com.alibaba.nacos.shaded.com.google.common.util.concurrent.AbstractFuture.get(AbstractFuture.java:508) ~[nacos-client-2.0.4.jar:na]
	at com.alibaba.nacos.common.remote.client.grpc.GrpcClient.serverCheck(GrpcClient.java:148) ~[nacos-client-2.0.4.jar:na]
	at com.alibaba.nacos.common.remote.client.grpc.GrpcClient.connectToServer(GrpcClient.java:264) ~[nacos-client-2.0.4.jar:na]
	at com.alibaba.nacos.common.remote.client.RpcClient.reconnect(RpcClient.java:522) ~[nacos-client-2.0.4.jar:na]
	at com.alibaba.nacos.common.remote.client.RpcClient.lambda$start$2(RpcClient.java:370) ~[nacos-client-2.0.4.jar:na]
	at java.base/java.util.concurrent.Executors$RunnableAdapter.call(Executors.java:515) ~[na:na]
	at java.base/java.util.concurrent.FutureTask.run(FutureTask.java:264) ~[na:na]
	at java.base/java.util.concurrent.ScheduledThreadPoolExecutor$ScheduledFutureTask.run(ScheduledThreadPoolExecutor.java:304) ~[na:na]
	at java.base/java.util.concurrent.ThreadPoolExecutor.runWorker(ThreadPoolExecutor.java:1128) ~[na:na]
	at java.base/java.util.concurrent.ThreadPoolExecutor$Worker.run(ThreadPoolExecutor.java:628) ~[na:na]
	at java.base/java.lang.Thread.run(Thread.java:834) ~[na:na]

21:08:57:666  INFO 35300 --- [com.alibaba.nacos.client.remote.worker] com.alibaba.nacos.common.remote.client   : [9ea437d3-1014-42b7-a68a-dda428a01d0f] Fail to connect server, after trying 2 times, last try server is {serverIp = '10.13.0.128', server main port = 8848}, error = unknown
21:09:00:987 ERROR 35300 --- [com.alibaba.nacos.client.remote.worker] c.a.n.c.remote.client.grpc.GrpcClient    : Server check fail, please check server 10.13.0.128 ,port 9848 is available , error ={}

java.util.concurrent.TimeoutException: Waited 3000 milliseconds (plus 11 milliseconds, 761400 nanoseconds delay) for com.alibaba.nacos.shaded.io.grpc.stub.ClientCalls$GrpcFuture@5c9f0f8e[status=PENDING, info=[GrpcFuture{clientCall={delegate={delegate=ClientCallImpl{method=MethodDescriptor{fullMethodName=Request/request, type=UNARY, idempotent=false, safe=false, sampledToLocalTracing=true, requestMarshaller=com.alibaba.nacos.shaded.io.grpc.protobuf.lite.ProtoLiteUtils$MessageMarshaller@3bb9fcf0, responseMarshaller=com.alibaba.nacos.shaded.io.grpc.protobuf.lite.ProtoLiteUtils$MessageMarshaller@2489bdae, schemaDescriptor=com.alibaba.nacos.api.grpc.auto.RequestGrpc$RequestMethodDescriptorSupplier@68e88ca4}}}}}]]
	at com.alibaba.nacos.shaded.com.google.common.util.concurrent.AbstractFuture.get(AbstractFuture.java:508) ~[nacos-client-2.0.4.jar:na]
	at com.alibaba.nacos.common.remote.client.grpc.GrpcClient.serverCheck(GrpcClient.java:148) ~[nacos-client-2.0.4.jar:na]
	at com.alibaba.nacos.common.remote.client.grpc.GrpcClient.connectToServer(GrpcClient.java:264) ~[nacos-client-2.0.4.jar:na]
	at com.alibaba.nacos.common.remote.client.RpcClient.reconnect(RpcClient.java:522) ~[nacos-client-2.0.4.jar:na]
	at com.alibaba.nacos.common.remote.client.RpcClient.lambda$start$2(RpcClient.java:370) ~[nacos-client-2.0.4.jar:na]
	at java.base/java.util.concurrent.Executors$RunnableAdapter.call(Executors.java:515) ~[na:na]
	at java.base/java.util.concurrent.FutureTask.run(FutureTask.java:264) ~[na:na]
	at java.base/java.util.concurrent.ScheduledThreadPoolExecutor$ScheduledFutureTask.run(ScheduledThreadPoolExecutor.java:304) ~[na:na]
	at java.base/java.util.concurrent.ThreadPoolExecutor.runWorker(ThreadPoolExecutor.java:1128) ~[na:na]
	at java.base/java.util.concurrent.ThreadPoolExecutor$Worker.run(ThreadPoolExecutor.java:628) ~[na:na]
	at java.base/java.lang.Thread.run(Thread.java:834) ~[na:na]

21:09:00:988  INFO 35300 --- [com.alibaba.nacos.client.remote.worker] com.alibaba.nacos.common.remote.client   : [9ea437d3-1014-42b7-a68a-dda428a01d0f] Fail to connect server, after trying 3 times, last try server is {serverIp = '10.13.0.128', server main port = 8848}, error = unknown
21:09:04:409 ERROR 35300 --- [com.alibaba.nacos.client.remote.worker] c.a.n.c.remote.client.grpc.GrpcClient    : Server check fail, please check server 10.13.0.128 ,port 9848 is available , error ={}

java.util.concurrent.TimeoutException: Waited 3000 milliseconds (plus 14 milliseconds, 679400 nanoseconds delay) for com.alibaba.nacos.shaded.io.grpc.stub.ClientCalls$GrpcFuture@5261433d[status=PENDING, info=[GrpcFuture{clientCall={delegate={delegate=ClientCallImpl{method=MethodDescriptor{fullMethodName=Request/request, type=UNARY, idempotent=false, safe=false, sampledToLocalTracing=true, requestMarshaller=com.alibaba.nacos.shaded.io.grpc.protobuf.lite.ProtoLiteUtils$MessageMarshaller@3bb9fcf0, responseMarshaller=com.alibaba.nacos.shaded.io.grpc.protobuf.lite.ProtoLiteUtils$MessageMarshaller@2489bdae, schemaDescriptor=com.alibaba.nacos.api.grpc.auto.RequestGrpc$RequestMethodDescriptorSupplier@68e88ca4}}}}}]]
	at com.alibaba.nacos.shaded.com.google.common.util.concurrent.AbstractFuture.get(AbstractFuture.java:508) ~[nacos-client-2.0.4.jar:na]
	at com.alibaba.nacos.common.remote.client.grpc.GrpcClient.serverCheck(GrpcClient.java:148) ~[nacos-client-2.0.4.jar:na]
	at com.alibaba.nacos.common.remote.client.grpc.GrpcClient.connectToServer(GrpcClient.java:264) ~[nacos-client-2.0.4.jar:na]
	at com.alibaba.nacos.common.remote.client.RpcClient.reconnect(RpcClient.java:522) ~[nacos-client-2.0.4.jar:na]
	at com.alibaba.nacos.common.remote.client.RpcClient.lambda$start$2(RpcClient.java:370) ~[nacos-client-2.0.4.jar:na]
	at java.base/java.util.concurrent.Executors$RunnableAdapter.call(Executors.java:515) ~[na:na]
	at java.base/java.util.concurrent.FutureTask.run(FutureTask.java:264) ~[na:na]
	at java.base/java.util.concurrent.ScheduledThreadPoolExecutor$ScheduledFutureTask.run(ScheduledThreadPoolExecutor.java:304) ~[na:na]
	at java.base/java.util.concurrent.ThreadPoolExecutor.runWorker(ThreadPoolExecutor.java:1128) ~[na:na]
	at java.base/java.util.concurrent.ThreadPoolExecutor$Worker.run(ThreadPoolExecutor.java:628) ~[na:na]
	at java.base/java.lang.Thread.run(Thread.java:834) ~[na:na]

21:09:04:411  INFO 35300 --- [com.alibaba.nacos.client.remote.worker] com.alibaba.nacos.common.remote.client   : [9ea437d3-1014-42b7-a68a-dda428a01d0f] Fail to connect server, after trying 4 times, last try server is {serverIp = '10.13.0.128', server main port = 8848}, error = unknown
21:09:06:067  INFO 35300 --- [com.alibaba.nacos.client.remote.worker] com.alibaba.nacos.common.remote.client   : [9ea437d3-1014-42b7-a68a-dda428a01d0f] Success to connect a server [10.13.0.128:8848], connectionId = 1702127345929_10.31.191.90_11036
21:09:06:067  INFO 35300 --- [com.alibaba.nacos.client.remote.worker] com.alibaba.nacos.common.remote.client   : [9ea437d3-1014-42b7-a68a-dda428a01d0f] Abandon prev connection, server is 10.13.0.128:8848, connectionId is 1702125135908_10.31.191.90_8910
21:09:06:067  INFO 35300 --- [com.alibaba.nacos.client.remote.worker] com.alibaba.nacos.common.remote.client   : Close current connection 1702125135908_10.31.191.90_8910
21:09:06:068  INFO 35300 --- [com.alibaba.nacos.client.remote.worker] com.alibaba.nacos.common.remote.client   : [9ea437d3-1014-42b7-a68a-dda428a01d0f] Notify disconnected event to listeners
21:09:06:069  INFO 35300 --- [com.alibaba.nacos.client.remote.worker] com.alibaba.nacos.common.remote.client   : [9ea437d3-1014-42b7-a68a-dda428a01d0f] Notify connected event to listeners.
21:09:06:071  WARN 35300 --- [nacos-grpc-client-executor-466] c.a.n.c.remote.client.grpc.GrpcClient    : [1702125135908_10.31.191.90_8910]Ignore error event,isRunning:true,isAbandon=true
21:09:09:293  INFO 35300 --- [nacos-grpc-client-executor-472] com.alibaba.nacos.common.remote.client   : [9ea437d3-1014-42b7-a68a-dda428a01d0f] Receive server push request, request = NotifySubscriberRequest, requestId = 81
21:09:09:294  INFO 35300 --- [nacos-grpc-client-executor-472] com.alibaba.nacos.common.remote.client   : [9ea437d3-1014-42b7-a68a-dda428a01d0f] Ack server push request, request = NotifySubscriberRequest, requestId = 81
21:09:09:302  INFO 35300 --- [nacos-grpc-client-executor-473] com.alibaba.nacos.common.remote.client   : [9ea437d3-1014-42b7-a68a-dda428a01d0f] Receive server push request, request = NotifySubscriberRequest, requestId = 82
21:09:09:302  INFO 35300 --- [nacos-grpc-client-executor-473] com.alibaba.nacos.common.remote.client   : [9ea437d3-1014-42b7-a68a-dda428a01d0f] Ack server push request, request = NotifySubscriberRequest, requestId = 82
21:56:28:950 DEBUG 35300 --- [http-nio-8082-exec-1] c.h.cart.mapper.CartMapper.selectList    : ==>  Preparing: SELECT id,user_id,item_id,num,name,spec,price,image,create_time,update_time FROM cart WHERE (user_id = ?)
21:56:28:951 DEBUG 35300 --- [http-nio-8082-exec-1] c.h.cart.mapper.CartMapper.selectList    : ==> Parameters: 1(Long)
21:56:28:954 DEBUG 35300 --- [http-nio-8082-exec-1] c.h.cart.mapper.CartMapper.selectList    : <==      Total: 1
21:56:36:308 DEBUG 35300 --- [http-nio-8082-exec-2] c.h.cart.mapper.CartMapper.selectList    : ==>  Preparing: SELECT id,user_id,item_id,num,name,spec,price,image,create_time,update_time FROM cart WHERE (user_id = ?)
21:56:36:309 DEBUG 35300 --- [http-nio-8082-exec-2] c.h.cart.mapper.CartMapper.selectList    : ==> Parameters: 1(Long)
21:56:36:313 DEBUG 35300 --- [http-nio-8082-exec-2] c.h.cart.mapper.CartMapper.selectList    : <==      Total: 1
21:56:47:494 DEBUG 35300 --- [http-nio-8082-exec-3] c.h.cart.mapper.CartMapper.selectList    : ==>  Preparing: SELECT id,user_id,item_id,num,name,spec,price,image,create_time,update_time FROM cart WHERE (user_id = ?)
21:56:47:495 DEBUG 35300 --- [http-nio-8082-exec-3] c.h.cart.mapper.CartMapper.selectList    : ==> Parameters: 1(Long)
21:56:47:501 DEBUG 35300 --- [http-nio-8082-exec-3] c.h.cart.mapper.CartMapper.selectList    : <==      Total: 1
21:57:11:488 DEBUG 35300 --- [http-nio-8082-exec-4] c.h.cart.mapper.CartMapper.updateById    : ==>  Preparing: UPDATE cart SET num=? WHERE id=?
21:57:11:488 DEBUG 35300 --- [http-nio-8082-exec-4] c.h.cart.mapper.CartMapper.updateById    : ==> Parameters: 2(Integer), 7(Long)
21:57:11:500 DEBUG 35300 --- [http-nio-8082-exec-4] c.h.cart.mapper.CartMapper.updateById    : <==    Updates: 1
21:57:11:511 DEBUG 35300 --- [http-nio-8082-exec-5] c.h.cart.mapper.CartMapper.selectList    : ==>  Preparing: SELECT id,user_id,item_id,num,name,spec,price,image,create_time,update_time FROM cart WHERE (user_id = ?)
21:57:11:512 DEBUG 35300 --- [http-nio-8082-exec-5] c.h.cart.mapper.CartMapper.selectList    : ==> Parameters: 1(Long)
21:57:11:517 DEBUG 35300 --- [http-nio-8082-exec-5] c.h.cart.mapper.CartMapper.selectList    : <==      Total: 1
21:57:11:899 DEBUG 35300 --- [http-nio-8082-exec-6] c.h.cart.mapper.CartMapper.updateById    : ==>  Preparing: UPDATE cart SET num=? WHERE id=?
21:57:11:899 DEBUG 35300 --- [http-nio-8082-exec-6] c.h.cart.mapper.CartMapper.updateById    : ==> Parameters: 1(Integer), 7(Long)
21:57:11:907 DEBUG 35300 --- [http-nio-8082-exec-6] c.h.cart.mapper.CartMapper.updateById    : <==    Updates: 1
21:57:11:919 DEBUG 35300 --- [http-nio-8082-exec-7] c.h.cart.mapper.CartMapper.selectList    : ==>  Preparing: SELECT id,user_id,item_id,num,name,spec,price,image,create_time,update_time FROM cart WHERE (user_id = ?)
21:57:11:919 DEBUG 35300 --- [http-nio-8082-exec-7] c.h.cart.mapper.CartMapper.selectList    : ==> Parameters: 1(Long)
21:57:11:923 DEBUG 35300 --- [http-nio-8082-exec-7] c.h.cart.mapper.CartMapper.selectList    : <==      Total: 1
21:57:25:118 DEBUG 35300 --- [http-nio-8082-exec-8] c.h.cart.mapper.CartMapper.selectList    : ==>  Preparing: SELECT id,user_id,item_id,num,name,spec,price,image,create_time,update_time FROM cart WHERE (user_id = ?)
21:57:25:118 DEBUG 35300 --- [http-nio-8082-exec-8] c.h.cart.mapper.CartMapper.selectList    : ==> Parameters: 1(Long)
21:57:25:121 DEBUG 35300 --- [http-nio-8082-exec-8] c.h.cart.mapper.CartMapper.selectList    : <==      Total: 1
21:57:33:956 DEBUG 35300 --- [http-nio-8082-exec-9] c.h.cart.mapper.CartMapper.selectList    : ==>  Preparing: SELECT id,user_id,item_id,num,name,spec,price,image,create_time,update_time FROM cart WHERE (user_id = ?)
21:57:33:956 DEBUG 35300 --- [http-nio-8082-exec-9] c.h.cart.mapper.CartMapper.selectList    : ==> Parameters: 1(Long)
21:57:33:960 DEBUG 35300 --- [http-nio-8082-exec-9] c.h.cart.mapper.CartMapper.selectList    : <==      Total: 1
21:57:44:634 DEBUG 35300 --- [http-nio-8082-exec-10] c.h.cart.mapper.CartMapper.updateById    : ==>  Preparing: UPDATE cart SET num=? WHERE id=?
21:57:44:634 DEBUG 35300 --- [http-nio-8082-exec-10] c.h.cart.mapper.CartMapper.updateById    : ==> Parameters: 2(Integer), 7(Long)
21:57:44:642 DEBUG 35300 --- [http-nio-8082-exec-10] c.h.cart.mapper.CartMapper.updateById    : <==    Updates: 1
21:57:44:654 DEBUG 35300 --- [http-nio-8082-exec-1] c.h.cart.mapper.CartMapper.selectList    : ==>  Preparing: SELECT id,user_id,item_id,num,name,spec,price,image,create_time,update_time FROM cart WHERE (user_id = ?)
21:57:44:654 DEBUG 35300 --- [http-nio-8082-exec-1] c.h.cart.mapper.CartMapper.selectList    : ==> Parameters: 1(Long)
21:57:44:658 DEBUG 35300 --- [http-nio-8082-exec-1] c.h.cart.mapper.CartMapper.selectList    : <==      Total: 1
21:57:48:971 DEBUG 35300 --- [http-nio-8082-exec-2] c.h.cart.mapper.CartMapper.updateById    : ==>  Preparing: UPDATE cart SET num=? WHERE id=?
21:57:48:972 DEBUG 35300 --- [http-nio-8082-exec-2] c.h.cart.mapper.CartMapper.updateById    : ==> Parameters: 1(Integer), 7(Long)
21:57:48:980 DEBUG 35300 --- [http-nio-8082-exec-2] c.h.cart.mapper.CartMapper.updateById    : <==    Updates: 1
21:57:48:991 DEBUG 35300 --- [http-nio-8082-exec-3] c.h.cart.mapper.CartMapper.selectList    : ==>  Preparing: SELECT id,user_id,item_id,num,name,spec,price,image,create_time,update_time FROM cart WHERE (user_id = ?)
21:57:48:992 DEBUG 35300 --- [http-nio-8082-exec-3] c.h.cart.mapper.CartMapper.selectList    : ==> Parameters: 1(Long)
21:57:48:996 DEBUG 35300 --- [http-nio-8082-exec-3] c.h.cart.mapper.CartMapper.selectList    : <==      Total: 1
21:58:51:792 DEBUG 35300 --- [http-nio-8082-exec-5] c.h.cart.mapper.CartMapper.selectList    : ==>  Preparing: SELECT id,user_id,item_id,num,name,spec,price,image,create_time,update_time FROM cart WHERE (user_id = ?)
21:58:51:792 DEBUG 35300 --- [http-nio-8082-exec-5] c.h.cart.mapper.CartMapper.selectList    : ==> Parameters: 1(Long)
21:58:51:797 DEBUG 35300 --- [http-nio-8082-exec-5] c.h.cart.mapper.CartMapper.selectList    : <==      Total: 1
21:59:04:767 DEBUG 35300 --- [http-nio-8082-exec-6] c.h.cart.mapper.CartMapper.selectList    : ==>  Preparing: SELECT id,user_id,item_id,num,name,spec,price,image,create_time,update_time FROM cart WHERE (user_id = ?)
21:59:04:768 DEBUG 35300 --- [http-nio-8082-exec-6] c.h.cart.mapper.CartMapper.selectList    : ==> Parameters: 1(Long)
21:59:04:774 DEBUG 35300 --- [http-nio-8082-exec-6] c.h.cart.mapper.CartMapper.selectList    : <==      Total: 1
21:59:06:648 DEBUG 35300 --- [http-nio-8082-exec-7] c.h.cart.mapper.CartMapper.selectList    : ==>  Preparing: SELECT id,user_id,item_id,num,name,spec,price,image,create_time,update_time FROM cart WHERE (user_id = ?)
21:59:06:649 DEBUG 35300 --- [http-nio-8082-exec-7] c.h.cart.mapper.CartMapper.selectList    : ==> Parameters: 1(Long)
21:59:06:655 DEBUG 35300 --- [http-nio-8082-exec-7] c.h.cart.mapper.CartMapper.selectList    : <==      Total: 1
21:59:16:564 DEBUG 35300 --- [http-nio-8082-exec-8] c.h.cart.mapper.CartMapper.selectList    : ==>  Preparing: SELECT id,user_id,item_id,num,name,spec,price,image,create_time,update_time FROM cart WHERE (user_id = ?)
21:59:16:564 DEBUG 35300 --- [http-nio-8082-exec-8] c.h.cart.mapper.CartMapper.selectList    : ==> Parameters: 1(Long)
21:59:16:569 DEBUG 35300 --- [http-nio-8082-exec-8] c.h.cart.mapper.CartMapper.selectList    : <==      Total: 1
21:59:18:943 DEBUG 35300 --- [http-nio-8082-exec-9] c.h.cart.mapper.CartMapper.selectList    : ==>  Preparing: SELECT id,user_id,item_id,num,name,spec,price,image,create_time,update_time FROM cart WHERE (user_id = ?)
21:59:18:943 DEBUG 35300 --- [http-nio-8082-exec-9] c.h.cart.mapper.CartMapper.selectList    : ==> Parameters: 1(Long)
21:59:18:946 DEBUG 35300 --- [http-nio-8082-exec-9] c.h.cart.mapper.CartMapper.selectList    : <==      Total: 1
21:59:23:120 DEBUG 35300 --- [http-nio-8082-exec-10] c.h.cart.mapper.CartMapper.selectCount   : ==>  Preparing: SELECT COUNT( * ) FROM cart WHERE (user_id = ? AND item_id = ?)
21:59:23:122 DEBUG 35300 --- [http-nio-8082-exec-10] c.h.cart.mapper.CartMapper.selectCount   : ==> Parameters: 1(Long), 40305713537(Long)
21:59:23:125 DEBUG 35300 --- [http-nio-8082-exec-10] c.h.cart.mapper.CartMapper.selectCount   : <==      Total: 1
21:59:23:126 DEBUG 35300 --- [http-nio-8082-exec-10] c.h.cart.mapper.CartMapper.selectCount   : ==>  Preparing: SELECT COUNT( * ) FROM cart WHERE (user_id = ?)
21:59:23:126 DEBUG 35300 --- [http-nio-8082-exec-10] c.h.cart.mapper.CartMapper.selectCount   : ==> Parameters: 1(Long)
21:59:23:129 DEBUG 35300 --- [http-nio-8082-exec-10] c.h.cart.mapper.CartMapper.selectCount   : <==      Total: 1
21:59:23:132 DEBUG 35300 --- [http-nio-8082-exec-10] com.hmall.cart.mapper.CartMapper.insert  : ==>  Preparing: INSERT INTO cart ( user_id, item_id, name, spec, price, image ) VALUES ( ?, ?, ?, ?, ?, ? )
21:59:23:133 DEBUG 35300 --- [http-nio-8082-exec-10] com.hmall.cart.mapper.CartMapper.insert  : ==> Parameters: 1(Long), 40305713537(Long), 【官方正品 品牌直营】奥古狮登小白鞋女秋季透气2018新款百搭韩版休闲鞋运动鞋女鞋厚底板鞋女 浅蓝【厚底】 41(String), {"颜色": "金色", "尺码": "41"}(String), 35400(Integer), https://m.360buyimg.com/mobilecms/s720x720_jfs/t1/14147/34/2890/275451/5c225484Ebd346404/e61513be4639ee2e.jpg!q70.jpg.webp(String)
21:59:23:144 DEBUG 35300 --- [http-nio-8082-exec-10] com.hmall.cart.mapper.CartMapper.insert  : <==    Updates: 1
21:59:23:198 DEBUG 35300 --- [http-nio-8082-exec-1] c.h.cart.mapper.CartMapper.selectList    : ==>  Preparing: SELECT id,user_id,item_id,num,name,spec,price,image,create_time,update_time FROM cart WHERE (user_id = ?)
21:59:23:198 DEBUG 35300 --- [http-nio-8082-exec-1] c.h.cart.mapper.CartMapper.selectList    : ==> Parameters: 1(Long)
21:59:23:202 DEBUG 35300 --- [http-nio-8082-exec-1] c.h.cart.mapper.CartMapper.selectList    : <==      Total: 2
21:59:58:201 DEBUG 35300 --- [http-nio-8082-exec-2] com.hmall.cart.mapper.CartMapper.delete  : ==>  Preparing: DELETE FROM cart WHERE (user_id = ? AND item_id IN (?))
21:59:58:202 DEBUG 35300 --- [http-nio-8082-exec-2] com.hmall.cart.mapper.CartMapper.delete  : ==> Parameters: null, 40305713537(Long)
21:59:58:206 DEBUG 35300 --- [http-nio-8082-exec-2] com.hmall.cart.mapper.CartMapper.delete  : <==    Updates: 0
22:01:47:296 DEBUG 35300 --- [http-nio-8082-exec-5] c.h.cart.mapper.CartMapper.selectList    : ==>  Preparing: SELECT id,user_id,item_id,num,name,spec,price,image,create_time,update_time FROM cart WHERE (user_id = ?)
22:01:47:297 DEBUG 35300 --- [http-nio-8082-exec-5] c.h.cart.mapper.CartMapper.selectList    : ==> Parameters: 1(Long)
22:01:47:339 DEBUG 35300 --- [http-nio-8082-exec-5] c.h.cart.mapper.CartMapper.selectList    : <==      Total: 2
22:01:49:540 DEBUG 35300 --- [http-nio-8082-exec-6] c.h.cart.mapper.CartMapper.deleteById    : ==>  Preparing: DELETE FROM cart WHERE id=?
22:01:49:540 DEBUG 35300 --- [http-nio-8082-exec-6] c.h.cart.mapper.CartMapper.deleteById    : ==> Parameters: 7(Long)
22:01:49:552 DEBUG 35300 --- [http-nio-8082-exec-6] c.h.cart.mapper.CartMapper.deleteById    : <==    Updates: 1
22:01:49:563 DEBUG 35300 --- [http-nio-8082-exec-7] c.h.cart.mapper.CartMapper.selectList    : ==>  Preparing: SELECT id,user_id,item_id,num,name,spec,price,image,create_time,update_time FROM cart WHERE (user_id = ?)
22:01:49:563 DEBUG 35300 --- [http-nio-8082-exec-7] c.h.cart.mapper.CartMapper.selectList    : ==> Parameters: 1(Long)
22:01:49:567 DEBUG 35300 --- [http-nio-8082-exec-7] c.h.cart.mapper.CartMapper.selectList    : <==      Total: 1
22:03:03:939 DEBUG 35300 --- [http-nio-8082-exec-9] com.hmall.cart.mapper.CartMapper.delete  : ==>  Preparing: DELETE FROM cart WHERE (user_id = ? AND item_id IN (?))
22:03:03:939 DEBUG 35300 --- [http-nio-8082-exec-9] com.hmall.cart.mapper.CartMapper.delete  : ==> Parameters: null, 40305713537(Long)
22:03:03:944 DEBUG 35300 --- [http-nio-8082-exec-9] com.hmall.cart.mapper.CartMapper.delete  : <==    Updates: 0
22:03:20:810 DEBUG 35300 --- [http-nio-8082-exec-10] c.h.cart.mapper.CartMapper.selectList    : ==>  Preparing: SELECT id,user_id,item_id,num,name,spec,price,image,create_time,update_time FROM cart WHERE (user_id = ?)
22:03:20:810 DEBUG 35300 --- [http-nio-8082-exec-10] c.h.cart.mapper.CartMapper.selectList    : ==> Parameters: 1(Long)
22:03:20:813 DEBUG 35300 --- [http-nio-8082-exec-10] c.h.cart.mapper.CartMapper.selectList    : <==      Total: 1
22:13:02:323 DEBUG 35300 --- [http-nio-8082-exec-3] com.hmall.cart.mapper.CartMapper.delete  : ==>  Preparing: DELETE FROM cart WHERE (user_id = ? AND item_id IN (?))
22:13:02:323 DEBUG 35300 --- [http-nio-8082-exec-3] com.hmall.cart.mapper.CartMapper.delete  : ==> Parameters: 1(Long), 40305713537(Long)
22:13:02:330 DEBUG 35300 --- [http-nio-8082-exec-3] com.hmall.cart.mapper.CartMapper.delete  : <==    Updates: 1
22:13:19:189 DEBUG 35300 --- [http-nio-8082-exec-4] c.h.cart.mapper.CartMapper.selectList    : ==>  Preparing: SELECT id,user_id,item_id,num,name,spec,price,image,create_time,update_time FROM cart WHERE (user_id = ?)
22:13:19:190 DEBUG 35300 --- [http-nio-8082-exec-4] c.h.cart.mapper.CartMapper.selectList    : ==> Parameters: 1(Long)
22:13:19:193 DEBUG 35300 --- [http-nio-8082-exec-4] c.h.cart.mapper.CartMapper.selectList    : <==      Total: 0
22:13:24:804  WARN 35300 --- [Thread-4] c.a.nacos.common.notify.NotifyCenter     : [NotifyCenter] Start destroying Publisher
22:13:24:804  WARN 35300 --- [Thread-7] c.a.n.common.http.HttpClientBeanHolder   : [HttpClientBeanHolder] Start destroying common HttpClient
22:13:24:805  WARN 35300 --- [Thread-4] c.a.nacos.common.notify.NotifyCenter     : [NotifyCenter] Destruction of the end
22:13:24:805  WARN 35300 --- [Thread-7] c.a.n.common.http.HttpClientBeanHolder   : [HttpClientBeanHolder] Destruction of the end
22:13:25:101  INFO 35300 --- [SpringApplicationShutdownHook] c.a.c.n.registry.NacosServiceRegistry    : De-registering from Nacos Server now...
22:13:25:105  INFO 35300 --- [SpringApplicationShutdownHook] c.a.c.n.registry.NacosServiceRegistry    : De-registration finished.
22:13:25:431  INFO 35300 --- [SpringApplicationShutdownHook] com.alibaba.nacos.common.remote.client   : Shutdown rpc client, set status to shutdown
22:13:25:431  INFO 35300 --- [SpringApplicationShutdownHook] com.alibaba.nacos.common.remote.client   : Shutdown client event executor java.util.concurrent.ScheduledThreadPoolExecutor@5c8b5131[Running, pool size = 2, active threads = 2, queued tasks = 0, completed tasks = 0]
22:13:25:431  INFO 35300 --- [SpringApplicationShutdownHook] com.alibaba.nacos.common.remote.client   : Close current connection 1702127345929_10.31.191.90_11036
22:13:25:433  INFO 35300 --- [SpringApplicationShutdownHook] c.a.n.c.remote.client.grpc.GrpcClient    : Shutdown grpc executor java.util.concurrent.ThreadPoolExecutor@7f35c211[Running, pool size = 3, active threads = 0, queued tasks = 0, completed tasks = 1246]
22:13:25:438  INFO 35300 --- [SpringApplicationShutdownHook] com.zaxxer.hikari.HikariDataSource       : HikariPool-1 - Shutdown initiated...
22:13:25:520  INFO 35300 --- [SpringApplicationShutdownHook] com.zaxxer.hikari.HikariDataSource       : HikariPool-1 - Shutdown completed.
