15:21:33:999  INFO 8976 --- [main] com.hmall.item.ItemApplication           : Starting ItemApplication using Java 11.0.20 on laptopx with PID 8976 (D:\编程\hmall\item-service\target\classes started by weng in D:\编程\hmall)
15:21:34:005 DEBUG 8976 --- [main] com.hmall.item.ItemApplication           : Running with Spring Boot v2.7.12, Spring v5.3.27
15:21:34:005  INFO 8976 --- [main] com.hmall.item.ItemApplication           : The following 1 profile is active: "dev"
15:21:35:106  INFO 8976 --- [main] o.s.cloud.context.scope.GenericScope     : BeanFactory id=2368c7d8-ca3e-3d59-835a-0c43e80792d9
15:21:35:478  INFO 8976 --- [main] o.s.b.w.embedded.tomcat.TomcatWebServer  : Tomcat initialized with port(s): 8081 (http)
15:21:35:491  INFO 8976 --- [main] o.apache.catalina.core.StandardService   : Starting service [Tomcat]
15:21:35:491  INFO 8976 --- [main] org.apache.catalina.core.StandardEngine  : Starting Servlet engine: [Apache Tomcat/9.0.75]
15:21:35:664  INFO 8976 --- [main] o.a.c.c.C.[Tomcat].[localhost].[/]       : Initializing Spring embedded WebApplicationContext
15:21:35:664  INFO 8976 --- [main] w.s.c.ServletWebServerApplicationContext : Root WebApplicationContext: initialization completed in 1611 ms
15:21:37:562  INFO 8976 --- [main] pertySourcedRequestMappingHandlerMapping : Mapped URL path [/v2/api-docs] onto method [springfox.documentation.swagger2.web.Swagger2ControllerWebMvc#getDocumentation(String, HttpServletRequest)]
15:21:38:094  INFO 8976 --- [main] com.alibaba.nacos.common.remote.client   : [RpcClientFactory] create a new rpc client of 0456918c-533d-4982-817f-165d648486f7
15:21:38:129  INFO 8976 --- [main] org.reflections.Reflections              : Reflections took 19 ms to scan 1 urls, producing 3 keys and 6 values 
15:21:38:152  INFO 8976 --- [main] org.reflections.Reflections              : Reflections took 8 ms to scan 1 urls, producing 4 keys and 9 values 
15:21:38:161  INFO 8976 --- [main] org.reflections.Reflections              : Reflections took 6 ms to scan 1 urls, producing 3 keys and 10 values 
15:21:38:164  WARN 8976 --- [main] org.reflections.Reflections              : given scan urls are empty. set urls in the configuration
15:21:38:171  INFO 8976 --- [main] org.reflections.Reflections              : Reflections took 6 ms to scan 1 urls, producing 1 keys and 5 values 
15:21:38:180  INFO 8976 --- [main] org.reflections.Reflections              : Reflections took 8 ms to scan 1 urls, producing 1 keys and 7 values 
15:21:38:191  INFO 8976 --- [main] org.reflections.Reflections              : Reflections took 8 ms to scan 1 urls, producing 2 keys and 8 values 
15:21:38:192  WARN 8976 --- [main] org.reflections.Reflections              : given scan urls are empty. set urls in the configuration
15:21:38:193  INFO 8976 --- [main] com.alibaba.nacos.common.remote.client   : [0456918c-533d-4982-817f-165d648486f7] RpcClient init label, labels = {module=naming, source=sdk}
15:21:38:195  INFO 8976 --- [main] com.alibaba.nacos.common.remote.client   : [0456918c-533d-4982-817f-165d648486f7] RpcClient init, ServerListFactory = com.alibaba.nacos.client.naming.core.ServerListManager
15:21:38:195  INFO 8976 --- [main] com.alibaba.nacos.common.remote.client   : [0456918c-533d-4982-817f-165d648486f7] Registry connection listener to current client:com.alibaba.nacos.client.naming.remote.gprc.redo.NamingGrpcRedoService
15:21:38:196  INFO 8976 --- [main] com.alibaba.nacos.common.remote.client   : [0456918c-533d-4982-817f-165d648486f7] Register server push request handler:com.alibaba.nacos.client.naming.remote.gprc.NamingPushRequestHandler
15:21:38:197  INFO 8976 --- [main] com.alibaba.nacos.common.remote.client   : [0456918c-533d-4982-817f-165d648486f7] Try to connect to server on start up, server: {serverIp = '10.13.0.128', server main port = 8848}
15:21:39:499  INFO 8976 --- [main] com.alibaba.nacos.common.remote.client   : [0456918c-533d-4982-817f-165d648486f7] Success to connect to server [10.13.0.128:8848] on start up, connectionId = 1702106498237_10.31.191.90_7640
15:21:39:500  INFO 8976 --- [com.alibaba.nacos.client.remote.worker] com.alibaba.nacos.common.remote.client   : [0456918c-533d-4982-817f-165d648486f7] Notify connected event to listeners.
15:21:39:502  INFO 8976 --- [main] com.alibaba.nacos.common.remote.client   : [0456918c-533d-4982-817f-165d648486f7] Register server push request handler:com.alibaba.nacos.common.remote.client.RpcClient$ConnectResetRequestHandler
15:21:39:502  INFO 8976 --- [main] com.alibaba.nacos.common.remote.client   : [0456918c-533d-4982-817f-165d648486f7] Register server push request handler:com.alibaba.nacos.common.remote.client.RpcClient$$Lambda$937/0x00000008006bb840
15:21:39:581  INFO 8976 --- [main] o.s.b.w.embedded.tomcat.TomcatWebServer  : Tomcat started on port(s): 8081 (http) with context path ''
15:21:39:592  INFO 8976 --- [main] c.a.c.n.registry.NacosServiceRegistry    : nacos registry, DEFAULT_GROUP item-service 10.31.191.90:8081 register finished
15:21:39:857  INFO 8976 --- [main] d.s.w.p.DocumentationPluginsBootstrapper : Documentation plugins bootstrapped
15:21:39:860  INFO 8976 --- [main] d.s.w.p.DocumentationPluginsBootstrapper : Found 1 custom documentation plugin(s)
15:21:39:888  INFO 8976 --- [main] s.d.s.w.s.ApiListingReferenceScanner     : Scanning for api listing references
15:21:40:017  INFO 8976 --- [main] com.hmall.item.ItemApplication           : Started ItemApplication in 7.067 seconds (JVM running for 7.899)
15:21:40:036  INFO 8976 --- [nacos-grpc-client-executor-9] com.alibaba.nacos.common.remote.client   : [0456918c-533d-4982-817f-165d648486f7] Receive server push request, request = NotifySubscriberRequest, requestId = 34
15:21:40:039  INFO 8976 --- [nacos-grpc-client-executor-9] com.alibaba.nacos.common.remote.client   : [0456918c-533d-4982-817f-165d648486f7] Ack server push request, request = NotifySubscriberRequest, requestId = 34
15:22:08:187  INFO 8976 --- [http-nio-8081-exec-1] o.a.c.c.C.[Tomcat].[localhost].[/]       : Initializing Spring DispatcherServlet 'dispatcherServlet'
15:22:08:189  INFO 8976 --- [http-nio-8081-exec-1] o.s.web.servlet.DispatcherServlet        : Initializing Servlet 'dispatcherServlet'
15:22:08:190  INFO 8976 --- [http-nio-8081-exec-1] o.s.web.servlet.DispatcherServlet        : Completed initialization in 1 ms
15:22:08:229  WARN 8976 --- [http-nio-8081-exec-1] .w.s.m.s.DefaultHandlerExceptionResolver : Resolved [org.springframework.web.bind.MissingRequestHeaderException: Required request header 'name' for method parameter type String is not present]
15:22:40:276  WARN 8976 --- [http-nio-8081-exec-3] .w.s.m.s.DefaultHandlerExceptionResolver : Resolved [org.springframework.web.bind.MissingRequestHeaderException: Required request header 'name' for method parameter type String is not present]
15:22:54:321  WARN 8976 --- [http-nio-8081-exec-4] .w.s.m.s.DefaultHandlerExceptionResolver : Resolved [org.springframework.web.bind.MissingRequestHeaderException: Required request header 'name' for method parameter type String is not present]
15:23:29:356  WARN 8976 --- [http-nio-8081-exec-5] .w.s.m.s.DefaultHandlerExceptionResolver : Resolved [org.springframework.web.bind.MissingRequestHeaderException: Required request header 'name' for method parameter type String is not present]
15:23:42:190  WARN 8976 --- [http-nio-8081-exec-6] .w.s.m.s.DefaultHandlerExceptionResolver : Resolved [org.springframework.web.bind.MissingRequestHeaderException: Required request header 'name' for method parameter type String is not present]
15:24:27:454  INFO 8976 --- [http-nio-8081-exec-7] com.zaxxer.hikari.HikariDataSource       : HikariPool-1 - Starting...
15:24:27:861  INFO 8976 --- [http-nio-8081-exec-7] com.zaxxer.hikari.HikariDataSource       : HikariPool-1 - Start completed.
15:24:27:868 DEBUG 8976 --- [http-nio-8081-exec-7] c.h.i.m.ItemMapper.selectPage_mpCount    : ==>  Preparing: SELECT COUNT(*) FROM item
15:24:27:890 DEBUG 8976 --- [http-nio-8081-exec-7] c.h.i.m.ItemMapper.selectPage_mpCount    : ==> Parameters: 
15:24:27:931 DEBUG 8976 --- [http-nio-8081-exec-7] c.h.i.m.ItemMapper.selectPage_mpCount    : <==      Total: 1
15:24:27:950 DEBUG 8976 --- [http-nio-8081-exec-7] c.h.item.mapper.ItemMapper.selectPage    : ==>  Preparing: SELECT id, name, price, stock, image, category, brand, spec, sold, comment_count, isAD, status, create_time, update_time, creater, updater FROM item ORDER BY update_time DESC LIMIT ?
15:24:27:951 DEBUG 8976 --- [http-nio-8081-exec-7] c.h.item.mapper.ItemMapper.selectPage    : ==> Parameters: 20(Long)
15:24:28:056 DEBUG 8976 --- [http-nio-8081-exec-7] c.h.item.mapper.ItemMapper.selectPage    : <==      Total: 20
15:24:38:597  WARN 8976 --- [Thread-4] c.a.nacos.common.notify.NotifyCenter     : [NotifyCenter] Start destroying Publisher
15:24:38:597  WARN 8976 --- [Thread-7] c.a.n.common.http.HttpClientBeanHolder   : [HttpClientBeanHolder] Start destroying common HttpClient
15:24:38:597  WARN 8976 --- [Thread-4] c.a.nacos.common.notify.NotifyCenter     : [NotifyCenter] Destruction of the end
15:24:38:597  WARN 8976 --- [Thread-7] c.a.n.common.http.HttpClientBeanHolder   : [HttpClientBeanHolder] Destruction of the end
15:24:38:810  INFO 8976 --- [SpringApplicationShutdownHook] c.a.c.n.registry.NacosServiceRegistry    : De-registering from Nacos Server now...
15:24:38:815  INFO 8976 --- [SpringApplicationShutdownHook] c.a.c.n.registry.NacosServiceRegistry    : De-registration finished.
15:24:39:141  INFO 8976 --- [SpringApplicationShutdownHook] com.alibaba.nacos.common.remote.client   : Shutdown rpc client, set status to shutdown
15:24:39:141  INFO 8976 --- [SpringApplicationShutdownHook] com.alibaba.nacos.common.remote.client   : Shutdown client event executor java.util.concurrent.ScheduledThreadPoolExecutor@221b692e[Running, pool size = 2, active threads = 2, queued tasks = 0, completed tasks = 0]
15:24:39:141  INFO 8976 --- [SpringApplicationShutdownHook] com.alibaba.nacos.common.remote.client   : Close current connection 1702106498237_10.31.191.90_7640
15:24:39:145  INFO 8976 --- [SpringApplicationShutdownHook] c.a.n.c.remote.client.grpc.GrpcClient    : Shutdown grpc executor java.util.concurrent.ThreadPoolExecutor@56b90437[Running, pool size = 5, active threads = 0, queued tasks = 0, completed tasks = 51]
15:24:39:150  INFO 8976 --- [SpringApplicationShutdownHook] com.zaxxer.hikari.HikariDataSource       : HikariPool-1 - Shutdown initiated...
15:24:39:202  INFO 8976 --- [SpringApplicationShutdownHook] com.zaxxer.hikari.HikariDataSource       : HikariPool-1 - Shutdown completed.
17:56:41:976  INFO 34856 --- [main] com.hmall.item.ItemApplication           : Starting ItemApplication using Java 11.0.20 on laptopx with PID 34856 (D:\编程\hmall\item-service\target\classes started by weng in D:\编程\hmall)
17:56:41:978 DEBUG 34856 --- [main] com.hmall.item.ItemApplication           : Running with Spring Boot v2.7.12, Spring v5.3.27
17:56:41:978  INFO 34856 --- [main] com.hmall.item.ItemApplication           : The following 1 profile is active: "dev"
17:56:42:979  INFO 34856 --- [main] o.s.cloud.context.scope.GenericScope     : BeanFactory id=2368c7d8-ca3e-3d59-835a-0c43e80792d9
17:56:43:336  INFO 34856 --- [main] o.s.b.w.embedded.tomcat.TomcatWebServer  : Tomcat initialized with port(s): 8081 (http)
17:56:43:346  INFO 34856 --- [main] o.apache.catalina.core.StandardService   : Starting service [Tomcat]
17:56:43:347  INFO 34856 --- [main] org.apache.catalina.core.StandardEngine  : Starting Servlet engine: [Apache Tomcat/9.0.75]
17:56:43:470  INFO 34856 --- [main] o.a.c.c.C.[Tomcat].[localhost].[/]       : Initializing Spring embedded WebApplicationContext
17:56:43:471  INFO 34856 --- [main] w.s.c.ServletWebServerApplicationContext : Root WebApplicationContext: initialization completed in 1450 ms
17:56:45:413  INFO 34856 --- [main] pertySourcedRequestMappingHandlerMapping : Mapped URL path [/v2/api-docs] onto method [springfox.documentation.swagger2.web.Swagger2ControllerWebMvc#getDocumentation(String, HttpServletRequest)]
17:56:45:942  INFO 34856 --- [main] com.alibaba.nacos.common.remote.client   : [RpcClientFactory] create a new rpc client of 17678613-e6f7-48fb-a4de-5ec8d7927fbd
17:56:45:981  INFO 34856 --- [main] org.reflections.Reflections              : Reflections took 20 ms to scan 1 urls, producing 3 keys and 6 values 
17:56:46:004  INFO 34856 --- [main] org.reflections.Reflections              : Reflections took 8 ms to scan 1 urls, producing 4 keys and 9 values 
17:56:46:012  INFO 34856 --- [main] org.reflections.Reflections              : Reflections took 5 ms to scan 1 urls, producing 3 keys and 10 values 
17:56:46:015  WARN 34856 --- [main] org.reflections.Reflections              : given scan urls are empty. set urls in the configuration
17:56:46:023  INFO 34856 --- [main] org.reflections.Reflections              : Reflections took 7 ms to scan 1 urls, producing 1 keys and 5 values 
17:56:46:034  INFO 34856 --- [main] org.reflections.Reflections              : Reflections took 8 ms to scan 1 urls, producing 1 keys and 7 values 
17:56:46:045  INFO 34856 --- [main] org.reflections.Reflections              : Reflections took 8 ms to scan 1 urls, producing 2 keys and 8 values 
17:56:46:048  WARN 34856 --- [main] org.reflections.Reflections              : given scan urls are empty. set urls in the configuration
17:56:46:049  INFO 34856 --- [main] com.alibaba.nacos.common.remote.client   : [17678613-e6f7-48fb-a4de-5ec8d7927fbd] RpcClient init label, labels = {module=naming, source=sdk}
17:56:46:050  INFO 34856 --- [main] com.alibaba.nacos.common.remote.client   : [17678613-e6f7-48fb-a4de-5ec8d7927fbd] RpcClient init, ServerListFactory = com.alibaba.nacos.client.naming.core.ServerListManager
17:56:46:051  INFO 34856 --- [main] com.alibaba.nacos.common.remote.client   : [17678613-e6f7-48fb-a4de-5ec8d7927fbd] Registry connection listener to current client:com.alibaba.nacos.client.naming.remote.gprc.redo.NamingGrpcRedoService
17:56:46:051  INFO 34856 --- [main] com.alibaba.nacos.common.remote.client   : [17678613-e6f7-48fb-a4de-5ec8d7927fbd] Register server push request handler:com.alibaba.nacos.client.naming.remote.gprc.NamingPushRequestHandler
17:56:46:053  INFO 34856 --- [main] com.alibaba.nacos.common.remote.client   : [17678613-e6f7-48fb-a4de-5ec8d7927fbd] Try to connect to server on start up, server: {serverIp = '10.13.0.128', server main port = 8848}
17:56:47:362  INFO 34856 --- [main] com.alibaba.nacos.common.remote.client   : [17678613-e6f7-48fb-a4de-5ec8d7927fbd] Success to connect to server [10.13.0.128:8848] on start up, connectionId = 1702115805943_10.31.191.90_13848
17:56:47:364  INFO 34856 --- [com.alibaba.nacos.client.remote.worker] com.alibaba.nacos.common.remote.client   : [17678613-e6f7-48fb-a4de-5ec8d7927fbd] Notify connected event to listeners.
17:56:47:364  INFO 34856 --- [main] com.alibaba.nacos.common.remote.client   : [17678613-e6f7-48fb-a4de-5ec8d7927fbd] Register server push request handler:com.alibaba.nacos.common.remote.client.RpcClient$ConnectResetRequestHandler
17:56:47:365  INFO 34856 --- [main] com.alibaba.nacos.common.remote.client   : [17678613-e6f7-48fb-a4de-5ec8d7927fbd] Register server push request handler:com.alibaba.nacos.common.remote.client.RpcClient$$Lambda$937/0x00000008006bb840
17:56:47:412  INFO 34856 --- [main] o.s.b.w.embedded.tomcat.TomcatWebServer  : Tomcat started on port(s): 8081 (http) with context path ''
17:56:47:422  INFO 34856 --- [main] c.a.c.n.registry.NacosServiceRegistry    : nacos registry, DEFAULT_GROUP item-service 10.31.191.90:8081 register finished
17:56:47:683  INFO 34856 --- [main] d.s.w.p.DocumentationPluginsBootstrapper : Documentation plugins bootstrapped
17:56:47:686  INFO 34856 --- [main] d.s.w.p.DocumentationPluginsBootstrapper : Found 1 custom documentation plugin(s)
17:56:47:707  INFO 34856 --- [main] s.d.s.w.s.ApiListingReferenceScanner     : Scanning for api listing references
17:56:47:801  INFO 34856 --- [main] com.hmall.item.ItemApplication           : Started ItemApplication in 6.799 seconds (JVM running for 7.67)
17:56:47:960  INFO 34856 --- [nacos-grpc-client-executor-9] com.alibaba.nacos.common.remote.client   : [17678613-e6f7-48fb-a4de-5ec8d7927fbd] Receive server push request, request = NotifySubscriberRequest, requestId = 44
17:56:47:962  INFO 34856 --- [nacos-grpc-client-executor-9] com.alibaba.nacos.common.remote.client   : [17678613-e6f7-48fb-a4de-5ec8d7927fbd] Ack server push request, request = NotifySubscriberRequest, requestId = 44
18:02:47:961  INFO 34856 --- [http-nio-8081-exec-1] o.a.c.c.C.[Tomcat].[localhost].[/]       : Initializing Spring DispatcherServlet 'dispatcherServlet'
18:02:47:962  INFO 34856 --- [http-nio-8081-exec-1] o.s.web.servlet.DispatcherServlet        : Initializing Servlet 'dispatcherServlet'
18:02:47:962  INFO 34856 --- [http-nio-8081-exec-1] o.s.web.servlet.DispatcherServlet        : Completed initialization in 0 ms
18:02:48:081  INFO 34856 --- [http-nio-8081-exec-1] com.zaxxer.hikari.HikariDataSource       : HikariPool-1 - Starting...
18:02:48:309  INFO 34856 --- [http-nio-8081-exec-1] com.zaxxer.hikari.HikariDataSource       : HikariPool-1 - Start completed.
18:02:48:314 DEBUG 34856 --- [http-nio-8081-exec-1] c.h.i.m.ItemMapper.selectPage_mpCount    : ==>  Preparing: SELECT COUNT(*) FROM item WHERE (status = ?)
18:02:48:332 DEBUG 34856 --- [http-nio-8081-exec-1] c.h.i.m.ItemMapper.selectPage_mpCount    : ==> Parameters: 1(Integer)
18:02:48:382 DEBUG 34856 --- [http-nio-8081-exec-1] c.h.i.m.ItemMapper.selectPage_mpCount    : <==      Total: 1
18:02:48:393 DEBUG 34856 --- [http-nio-8081-exec-1] c.h.item.mapper.ItemMapper.selectPage    : ==>  Preparing: SELECT id, name, price, stock, image, category, brand, spec, sold, comment_count, isAD, status, create_time, update_time, creater, updater FROM item WHERE (status = ?) ORDER BY update_time DESC LIMIT ?
18:02:48:394 DEBUG 34856 --- [http-nio-8081-exec-1] c.h.item.mapper.ItemMapper.selectPage    : ==> Parameters: 1(Integer), 20(Long)
18:02:48:574 DEBUG 34856 --- [http-nio-8081-exec-1] c.h.item.mapper.ItemMapper.selectPage    : <==      Total: 20
18:03:23:790 DEBUG 34856 --- [http-nio-8081-exec-2] c.h.i.m.ItemMapper.selectPage_mpCount    : ==>  Preparing: SELECT COUNT(*) FROM item
18:03:23:790 DEBUG 34856 --- [http-nio-8081-exec-2] c.h.i.m.ItemMapper.selectPage_mpCount    : ==> Parameters: 
18:03:23:808 DEBUG 34856 --- [http-nio-8081-exec-2] c.h.i.m.ItemMapper.selectPage_mpCount    : <==      Total: 1
18:03:23:808 DEBUG 34856 --- [http-nio-8081-exec-2] c.h.item.mapper.ItemMapper.selectPage    : ==>  Preparing: SELECT id, name, price, stock, image, category, brand, spec, sold, comment_count, isAD, status, create_time, update_time, creater, updater FROM item ORDER BY update_time DESC LIMIT ?
18:03:23:808 DEBUG 34856 --- [http-nio-8081-exec-2] c.h.item.mapper.ItemMapper.selectPage    : ==> Parameters: 20(Long)
18:03:23:907 DEBUG 34856 --- [http-nio-8081-exec-2] c.h.item.mapper.ItemMapper.selectPage    : <==      Total: 20
18:03:31:968 DEBUG 34856 --- [http-nio-8081-exec-4] c.h.i.m.ItemMapper.selectPage_mpCount    : ==>  Preparing: SELECT COUNT(*) FROM item WHERE (status = ?)
18:03:31:968 DEBUG 34856 --- [http-nio-8081-exec-4] c.h.i.m.ItemMapper.selectPage_mpCount    : ==> Parameters: 1(Integer)
18:03:31:997 DEBUG 34856 --- [http-nio-8081-exec-4] c.h.i.m.ItemMapper.selectPage_mpCount    : <==      Total: 1
18:03:32:003 DEBUG 34856 --- [http-nio-8081-exec-4] c.h.item.mapper.ItemMapper.selectPage    : ==>  Preparing: SELECT id, name, price, stock, image, category, brand, spec, sold, comment_count, isAD, status, create_time, update_time, creater, updater FROM item WHERE (status = ?) ORDER BY update_time DESC LIMIT ?
18:03:32:003 DEBUG 34856 --- [http-nio-8081-exec-4] c.h.item.mapper.ItemMapper.selectPage    : ==> Parameters: 1(Integer), 20(Long)
18:03:32:175 DEBUG 34856 --- [http-nio-8081-exec-4] c.h.item.mapper.ItemMapper.selectPage    : <==      Total: 20
18:03:44:598 DEBUG 34856 --- [http-nio-8081-exec-3] c.h.i.m.ItemMapper.selectPage_mpCount    : ==>  Preparing: SELECT COUNT(*) FROM item
18:03:44:598 DEBUG 34856 --- [http-nio-8081-exec-3] c.h.i.m.ItemMapper.selectPage_mpCount    : ==> Parameters: 
18:03:44:611 DEBUG 34856 --- [http-nio-8081-exec-3] c.h.i.m.ItemMapper.selectPage_mpCount    : <==      Total: 1
18:03:44:612 DEBUG 34856 --- [http-nio-8081-exec-3] c.h.item.mapper.ItemMapper.selectPage    : ==>  Preparing: SELECT id, name, price, stock, image, category, brand, spec, sold, comment_count, isAD, status, create_time, update_time, creater, updater FROM item ORDER BY update_time DESC LIMIT ?
18:03:44:613 DEBUG 34856 --- [http-nio-8081-exec-3] c.h.item.mapper.ItemMapper.selectPage    : ==> Parameters: 20(Long)
18:03:44:725 DEBUG 34856 --- [http-nio-8081-exec-3] c.h.item.mapper.ItemMapper.selectPage    : <==      Total: 20
18:04:41:641 DEBUG 34856 --- [http-nio-8081-exec-8] c.h.i.m.ItemMapper.selectPage_mpCount    : ==>  Preparing: SELECT COUNT(*) FROM item WHERE (status = ?)
18:04:41:643 DEBUG 34856 --- [http-nio-8081-exec-8] c.h.i.m.ItemMapper.selectPage_mpCount    : ==> Parameters: 1(Integer)
18:04:41:663 DEBUG 34856 --- [http-nio-8081-exec-8] c.h.i.m.ItemMapper.selectPage_mpCount    : <==      Total: 1
18:04:41:679 DEBUG 34856 --- [http-nio-8081-exec-8] c.h.item.mapper.ItemMapper.selectPage    : ==>  Preparing: SELECT id, name, price, stock, image, category, brand, spec, sold, comment_count, isAD, status, create_time, update_time, creater, updater FROM item WHERE (status = ?) ORDER BY update_time DESC LIMIT ?
18:04:41:680 DEBUG 34856 --- [http-nio-8081-exec-8] c.h.item.mapper.ItemMapper.selectPage    : ==> Parameters: 1(Integer), 20(Long)
18:04:41:838 DEBUG 34856 --- [http-nio-8081-exec-8] c.h.item.mapper.ItemMapper.selectPage    : <==      Total: 20
18:10:02:075  WARN 34856 --- [Thread-7] c.a.n.common.http.HttpClientBeanHolder   : [HttpClientBeanHolder] Start destroying common HttpClient
18:10:02:075  WARN 34856 --- [Thread-4] c.a.nacos.common.notify.NotifyCenter     : [NotifyCenter] Start destroying Publisher
18:10:02:075  WARN 34856 --- [Thread-4] c.a.nacos.common.notify.NotifyCenter     : [NotifyCenter] Destruction of the end
18:10:02:075  WARN 34856 --- [Thread-7] c.a.n.common.http.HttpClientBeanHolder   : [HttpClientBeanHolder] Destruction of the end
18:10:02:397  INFO 34856 --- [SpringApplicationShutdownHook] c.a.c.n.registry.NacosServiceRegistry    : De-registering from Nacos Server now...
18:10:02:403  INFO 34856 --- [SpringApplicationShutdownHook] c.a.c.n.registry.NacosServiceRegistry    : De-registration finished.
18:10:02:739  INFO 34856 --- [SpringApplicationShutdownHook] com.alibaba.nacos.common.remote.client   : Shutdown rpc client, set status to shutdown
18:10:02:739  INFO 34856 --- [SpringApplicationShutdownHook] com.alibaba.nacos.common.remote.client   : Shutdown client event executor java.util.concurrent.ScheduledThreadPoolExecutor@3b7e0b61[Running, pool size = 2, active threads = 2, queued tasks = 0, completed tasks = 0]
18:10:02:739  INFO 34856 --- [SpringApplicationShutdownHook] com.alibaba.nacos.common.remote.client   : Close current connection 1702115805943_10.31.191.90_13848
18:10:02:743  INFO 34856 --- [SpringApplicationShutdownHook] c.a.n.c.remote.client.grpc.GrpcClient    : Shutdown grpc executor java.util.concurrent.ThreadPoolExecutor@19c3d550[Running, pool size = 3, active threads = 0, queued tasks = 0, completed tasks = 179]
18:10:02:749  INFO 34856 --- [SpringApplicationShutdownHook] com.zaxxer.hikari.HikariDataSource       : HikariPool-1 - Shutdown initiated...
18:10:02:805  INFO 34856 --- [SpringApplicationShutdownHook] com.zaxxer.hikari.HikariDataSource       : HikariPool-1 - Shutdown completed.
20:40:53:213  INFO 20288 --- [main] com.hmall.item.ItemApplication           : Starting ItemApplication using Java 11.0.20 on laptopx with PID 20288 (D:\编程\hmall\item-service\target\classes started by weng in D:\编程\hmall)
20:40:53:215 DEBUG 20288 --- [main] com.hmall.item.ItemApplication           : Running with Spring Boot v2.7.12, Spring v5.3.27
20:40:53:215  INFO 20288 --- [main] com.hmall.item.ItemApplication           : The following 1 profile is active: "dev"
20:40:54:092  INFO 20288 --- [main] o.s.cloud.context.scope.GenericScope     : BeanFactory id=26065097-17ae-3d96-a451-13af25ec85e8
20:40:54:402  INFO 20288 --- [main] o.s.b.w.embedded.tomcat.TomcatWebServer  : Tomcat initialized with port(s): 8081 (http)
20:40:54:411  INFO 20288 --- [main] o.apache.catalina.core.StandardService   : Starting service [Tomcat]
20:40:54:412  INFO 20288 --- [main] org.apache.catalina.core.StandardEngine  : Starting Servlet engine: [Apache Tomcat/9.0.75]
20:40:54:535  INFO 20288 --- [main] o.a.c.c.C.[Tomcat].[localhost].[/]       : Initializing Spring embedded WebApplicationContext
20:40:54:536  INFO 20288 --- [main] w.s.c.ServletWebServerApplicationContext : Root WebApplicationContext: initialization completed in 1288 ms
20:40:56:222  INFO 20288 --- [main] pertySourcedRequestMappingHandlerMapping : Mapped URL path [/v2/api-docs] onto method [springfox.documentation.swagger2.web.Swagger2ControllerWebMvc#getDocumentation(String, HttpServletRequest)]
20:40:56:778  INFO 20288 --- [main] com.alibaba.nacos.common.remote.client   : [RpcClientFactory] create a new rpc client of e4e8d49c-0c47-4db0-9674-b61b2c2578df
20:40:56:815  INFO 20288 --- [main] org.reflections.Reflections              : Reflections took 19 ms to scan 1 urls, producing 3 keys and 6 values 
20:40:56:837  INFO 20288 --- [main] org.reflections.Reflections              : Reflections took 7 ms to scan 1 urls, producing 4 keys and 9 values 
20:40:56:846  INFO 20288 --- [main] org.reflections.Reflections              : Reflections took 6 ms to scan 1 urls, producing 3 keys and 10 values 
20:40:56:849  WARN 20288 --- [main] org.reflections.Reflections              : given scan urls are empty. set urls in the configuration
20:40:56:854  INFO 20288 --- [main] org.reflections.Reflections              : Reflections took 5 ms to scan 1 urls, producing 1 keys and 5 values 
20:40:56:863  INFO 20288 --- [main] org.reflections.Reflections              : Reflections took 6 ms to scan 1 urls, producing 1 keys and 7 values 
20:40:56:870  INFO 20288 --- [main] org.reflections.Reflections              : Reflections took 5 ms to scan 1 urls, producing 2 keys and 8 values 
20:40:56:873  WARN 20288 --- [main] org.reflections.Reflections              : given scan urls are empty. set urls in the configuration
20:40:56:882  INFO 20288 --- [main] com.alibaba.nacos.common.remote.client   : [e4e8d49c-0c47-4db0-9674-b61b2c2578df] RpcClient init label, labels = {module=naming, source=sdk}
20:40:56:884  INFO 20288 --- [main] com.alibaba.nacos.common.remote.client   : [e4e8d49c-0c47-4db0-9674-b61b2c2578df] RpcClient init, ServerListFactory = com.alibaba.nacos.client.naming.core.ServerListManager
20:40:56:884  INFO 20288 --- [main] com.alibaba.nacos.common.remote.client   : [e4e8d49c-0c47-4db0-9674-b61b2c2578df] Registry connection listener to current client:com.alibaba.nacos.client.naming.remote.gprc.redo.NamingGrpcRedoService
20:40:56:885  INFO 20288 --- [main] com.alibaba.nacos.common.remote.client   : [e4e8d49c-0c47-4db0-9674-b61b2c2578df] Register server push request handler:com.alibaba.nacos.client.naming.remote.gprc.NamingPushRequestHandler
20:40:56:886  INFO 20288 --- [main] com.alibaba.nacos.common.remote.client   : [e4e8d49c-0c47-4db0-9674-b61b2c2578df] Try to connect to server on start up, server: {serverIp = '10.13.0.128', server main port = 8848}
20:40:58:224  INFO 20288 --- [main] com.alibaba.nacos.common.remote.client   : [e4e8d49c-0c47-4db0-9674-b61b2c2578df] Success to connect to server [10.13.0.128:8848] on start up, connectionId = 1702125656616_10.31.191.90_9501
20:40:58:225  INFO 20288 --- [com.alibaba.nacos.client.remote.worker] com.alibaba.nacos.common.remote.client   : [e4e8d49c-0c47-4db0-9674-b61b2c2578df] Notify connected event to listeners.
20:40:58:226  INFO 20288 --- [main] com.alibaba.nacos.common.remote.client   : [e4e8d49c-0c47-4db0-9674-b61b2c2578df] Register server push request handler:com.alibaba.nacos.common.remote.client.RpcClient$ConnectResetRequestHandler
20:40:58:226  INFO 20288 --- [main] com.alibaba.nacos.common.remote.client   : [e4e8d49c-0c47-4db0-9674-b61b2c2578df] Register server push request handler:com.alibaba.nacos.common.remote.client.RpcClient$$Lambda$937/0x00000008006bb840
20:40:58:287  INFO 20288 --- [main] o.s.b.w.embedded.tomcat.TomcatWebServer  : Tomcat started on port(s): 8081 (http) with context path ''
20:40:58:299  INFO 20288 --- [main] c.a.c.n.registry.NacosServiceRegistry    : nacos registry, DEFAULT_GROUP item-service 10.31.191.90:8081 register finished
20:40:58:589  INFO 20288 --- [main] d.s.w.p.DocumentationPluginsBootstrapper : Documentation plugins bootstrapped
20:40:58:592  INFO 20288 --- [main] d.s.w.p.DocumentationPluginsBootstrapper : Found 1 custom documentation plugin(s)
20:40:58:615  INFO 20288 --- [main] s.d.s.w.s.ApiListingReferenceScanner     : Scanning for api listing references
20:40:58:719  INFO 20288 --- [main] com.hmall.item.ItemApplication           : Started ItemApplication in 6.309 seconds (JVM running for 7.152)
20:40:58:802  INFO 20288 --- [nacos-grpc-client-executor-9] com.alibaba.nacos.common.remote.client   : [e4e8d49c-0c47-4db0-9674-b61b2c2578df] Receive server push request, request = NotifySubscriberRequest, requestId = 68
20:40:58:805  INFO 20288 --- [nacos-grpc-client-executor-9] com.alibaba.nacos.common.remote.client   : [e4e8d49c-0c47-4db0-9674-b61b2c2578df] Ack server push request, request = NotifySubscriberRequest, requestId = 68
20:50:17:285  INFO 20288 --- [http-nio-8081-exec-1] o.a.c.c.C.[Tomcat].[localhost].[/]       : Initializing Spring DispatcherServlet 'dispatcherServlet'
20:50:17:287  INFO 20288 --- [http-nio-8081-exec-1] o.s.web.servlet.DispatcherServlet        : Initializing Servlet 'dispatcherServlet'
20:50:17:288  INFO 20288 --- [http-nio-8081-exec-1] o.s.web.servlet.DispatcherServlet        : Completed initialization in 1 ms
20:50:17:350  INFO 20288 --- [http-nio-8081-exec-1] com.zaxxer.hikari.HikariDataSource       : HikariPool-1 - Starting...
20:50:17:598  INFO 20288 --- [http-nio-8081-exec-1] com.zaxxer.hikari.HikariDataSource       : HikariPool-1 - Start completed.
20:50:17:604 DEBUG 20288 --- [http-nio-8081-exec-1] c.h.i.mapper.ItemMapper.selectBatchIds   : ==>  Preparing: SELECT id,name,price,stock,image,category,brand,spec,sold,comment_count,isAD,status,create_time,update_time,creater,updater FROM item WHERE id IN ( ? )
20:50:17:620 DEBUG 20288 --- [http-nio-8081-exec-1] c.h.i.mapper.ItemMapper.selectBatchIds   : ==> Parameters: 100000006163(Long)
20:50:17:642 DEBUG 20288 --- [http-nio-8081-exec-1] c.h.i.mapper.ItemMapper.selectBatchIds   : <==      Total: 1
20:50:36:537 DEBUG 20288 --- [http-nio-8081-exec-2] c.h.i.mapper.ItemMapper.selectBatchIds   : ==>  Preparing: SELECT id,name,price,stock,image,category,brand,spec,sold,comment_count,isAD,status,create_time,update_time,creater,updater FROM item WHERE id IN ( ? )
20:50:36:538 DEBUG 20288 --- [http-nio-8081-exec-2] c.h.i.mapper.ItemMapper.selectBatchIds   : ==> Parameters: 100000006163(Long)
20:50:36:542 DEBUG 20288 --- [http-nio-8081-exec-2] c.h.i.mapper.ItemMapper.selectBatchIds   : <==      Total: 1
21:08:48:138  INFO 20288 --- [com.alibaba.nacos.client.remote.worker] com.alibaba.nacos.common.remote.client   : [e4e8d49c-0c47-4db0-9674-b61b2c2578df] Server healthy check fail, currentConnection = 1702125656616_10.31.191.90_9501
21:08:48:138  INFO 20288 --- [com.alibaba.nacos.client.remote.worker] com.alibaba.nacos.common.remote.client   : [e4e8d49c-0c47-4db0-9674-b61b2c2578df] Try to reconnect to a new server, server is  not appointed, will choose a random server.
21:08:51:156 ERROR 20288 --- [com.alibaba.nacos.client.remote.worker] c.a.n.c.remote.client.grpc.GrpcClient    : Server check fail, please check server 10.13.0.128 ,port 9848 is available , error ={}

java.util.concurrent.TimeoutException: Waited 3000 milliseconds (plus 12 milliseconds, 690500 nanoseconds delay) for com.alibaba.nacos.shaded.io.grpc.stub.ClientCalls$GrpcFuture@1556c3f9[status=PENDING, info=[GrpcFuture{clientCall={delegate={delegate=ClientCallImpl{method=MethodDescriptor{fullMethodName=Request/request, type=UNARY, idempotent=false, safe=false, sampledToLocalTracing=true, requestMarshaller=com.alibaba.nacos.shaded.io.grpc.protobuf.lite.ProtoLiteUtils$MessageMarshaller@2d996d3c, responseMarshaller=com.alibaba.nacos.shaded.io.grpc.protobuf.lite.ProtoLiteUtils$MessageMarshaller@2254abda, schemaDescriptor=com.alibaba.nacos.api.grpc.auto.RequestGrpc$RequestMethodDescriptorSupplier@2b38e1d9}}}}}]]
	at com.alibaba.nacos.shaded.com.google.common.util.concurrent.AbstractFuture.get(AbstractFuture.java:508) ~[nacos-client-2.0.4.jar:na]
	at com.alibaba.nacos.common.remote.client.grpc.GrpcClient.serverCheck(GrpcClient.java:148) ~[nacos-client-2.0.4.jar:na]
	at com.alibaba.nacos.common.remote.client.grpc.GrpcClient.connectToServer(GrpcClient.java:264) ~[nacos-client-2.0.4.jar:na]
	at com.alibaba.nacos.common.remote.client.RpcClient.reconnect(RpcClient.java:522) ~[nacos-client-2.0.4.jar:na]
	at com.alibaba.nacos.common.remote.client.RpcClient.lambda$start$2(RpcClient.java:370) ~[nacos-client-2.0.4.jar:na]
	at java.base/java.util.concurrent.Executors$RunnableAdapter.call(Executors.java:515) ~[na:na]
	at java.base/java.util.concurrent.FutureTask.run(FutureTask.java:264) ~[na:na]
	at java.base/java.util.concurrent.ScheduledThreadPoolExecutor$ScheduledFutureTask.run(ScheduledThreadPoolExecutor.java:304) ~[na:na]
	at java.base/java.util.concurrent.ThreadPoolExecutor.runWorker(ThreadPoolExecutor.java:1128) ~[na:na]
	at java.base/java.util.concurrent.ThreadPoolExecutor$Worker.run(ThreadPoolExecutor.java:628) ~[na:na]
	at java.base/java.lang.Thread.run(Thread.java:834) ~[na:na]

21:08:54:285 ERROR 20288 --- [com.alibaba.nacos.client.remote.worker] c.a.n.c.remote.client.grpc.GrpcClient    : Server check fail, please check server 10.13.0.128 ,port 9848 is available , error ={}

java.util.concurrent.TimeoutException: Waited 3000 milliseconds (plus 6 milliseconds, 856700 nanoseconds delay) for com.alibaba.nacos.shaded.io.grpc.stub.ClientCalls$GrpcFuture@768a4666[status=PENDING, info=[GrpcFuture{clientCall={delegate={delegate=ClientCallImpl{method=MethodDescriptor{fullMethodName=Request/request, type=UNARY, idempotent=false, safe=false, sampledToLocalTracing=true, requestMarshaller=com.alibaba.nacos.shaded.io.grpc.protobuf.lite.ProtoLiteUtils$MessageMarshaller@2d996d3c, responseMarshaller=com.alibaba.nacos.shaded.io.grpc.protobuf.lite.ProtoLiteUtils$MessageMarshaller@2254abda, schemaDescriptor=com.alibaba.nacos.api.grpc.auto.RequestGrpc$RequestMethodDescriptorSupplier@2b38e1d9}}}}}]]
	at com.alibaba.nacos.shaded.com.google.common.util.concurrent.AbstractFuture.get(AbstractFuture.java:508) ~[nacos-client-2.0.4.jar:na]
	at com.alibaba.nacos.common.remote.client.grpc.GrpcClient.serverCheck(GrpcClient.java:148) ~[nacos-client-2.0.4.jar:na]
	at com.alibaba.nacos.common.remote.client.grpc.GrpcClient.connectToServer(GrpcClient.java:264) ~[nacos-client-2.0.4.jar:na]
	at com.alibaba.nacos.common.remote.client.RpcClient.reconnect(RpcClient.java:522) ~[nacos-client-2.0.4.jar:na]
	at com.alibaba.nacos.common.remote.client.RpcClient.lambda$start$2(RpcClient.java:370) ~[nacos-client-2.0.4.jar:na]
	at java.base/java.util.concurrent.Executors$RunnableAdapter.call(Executors.java:515) ~[na:na]
	at java.base/java.util.concurrent.FutureTask.run(FutureTask.java:264) ~[na:na]
	at java.base/java.util.concurrent.ScheduledThreadPoolExecutor$ScheduledFutureTask.run(ScheduledThreadPoolExecutor.java:304) ~[na:na]
	at java.base/java.util.concurrent.ThreadPoolExecutor.runWorker(ThreadPoolExecutor.java:1128) ~[na:na]
	at java.base/java.util.concurrent.ThreadPoolExecutor$Worker.run(ThreadPoolExecutor.java:628) ~[na:na]
	at java.base/java.lang.Thread.run(Thread.java:834) ~[na:na]

21:08:54:286  INFO 20288 --- [com.alibaba.nacos.client.remote.worker] com.alibaba.nacos.common.remote.client   : [e4e8d49c-0c47-4db0-9674-b61b2c2578df] Fail to connect server, after trying 1 times, last try server is {serverIp = '10.13.0.128', server main port = 8848}, error = unknown
21:08:57:493 ERROR 20288 --- [com.alibaba.nacos.client.remote.worker] c.a.n.c.remote.client.grpc.GrpcClient    : Server check fail, please check server 10.13.0.128 ,port 9848 is available , error ={}

java.util.concurrent.TimeoutException: Waited 3000 milliseconds (plus 2 milliseconds, 623800 nanoseconds delay) for com.alibaba.nacos.shaded.io.grpc.stub.ClientCalls$GrpcFuture@5878c8c8[status=PENDING, info=[GrpcFuture{clientCall={delegate={delegate=ClientCallImpl{method=MethodDescriptor{fullMethodName=Request/request, type=UNARY, idempotent=false, safe=false, sampledToLocalTracing=true, requestMarshaller=com.alibaba.nacos.shaded.io.grpc.protobuf.lite.ProtoLiteUtils$MessageMarshaller@2d996d3c, responseMarshaller=com.alibaba.nacos.shaded.io.grpc.protobuf.lite.ProtoLiteUtils$MessageMarshaller@2254abda, schemaDescriptor=com.alibaba.nacos.api.grpc.auto.RequestGrpc$RequestMethodDescriptorSupplier@2b38e1d9}}}}}]]
	at com.alibaba.nacos.shaded.com.google.common.util.concurrent.AbstractFuture.get(AbstractFuture.java:508) ~[nacos-client-2.0.4.jar:na]
	at com.alibaba.nacos.common.remote.client.grpc.GrpcClient.serverCheck(GrpcClient.java:148) ~[nacos-client-2.0.4.jar:na]
	at com.alibaba.nacos.common.remote.client.grpc.GrpcClient.connectToServer(GrpcClient.java:264) ~[nacos-client-2.0.4.jar:na]
	at com.alibaba.nacos.common.remote.client.RpcClient.reconnect(RpcClient.java:522) ~[nacos-client-2.0.4.jar:na]
	at com.alibaba.nacos.common.remote.client.RpcClient.lambda$start$2(RpcClient.java:370) ~[nacos-client-2.0.4.jar:na]
	at java.base/java.util.concurrent.Executors$RunnableAdapter.call(Executors.java:515) ~[na:na]
	at java.base/java.util.concurrent.FutureTask.run(FutureTask.java:264) ~[na:na]
	at java.base/java.util.concurrent.ScheduledThreadPoolExecutor$ScheduledFutureTask.run(ScheduledThreadPoolExecutor.java:304) ~[na:na]
	at java.base/java.util.concurrent.ThreadPoolExecutor.runWorker(ThreadPoolExecutor.java:1128) ~[na:na]
	at java.base/java.util.concurrent.ThreadPoolExecutor$Worker.run(ThreadPoolExecutor.java:628) ~[na:na]
	at java.base/java.lang.Thread.run(Thread.java:834) ~[na:na]

21:08:57:495  INFO 20288 --- [com.alibaba.nacos.client.remote.worker] com.alibaba.nacos.common.remote.client   : [e4e8d49c-0c47-4db0-9674-b61b2c2578df] Fail to connect server, after trying 2 times, last try server is {serverIp = '10.13.0.128', server main port = 8848}, error = unknown
21:08:58:345 ERROR 20288 --- [com.alibaba.nacos.client.naming.updater.6] com.alibaba.nacos.common.remote.client   : Send request fail, request = ServiceQueryRequest{headers={app=unknown}, requestId='null'}, retryTimes = 0, errorMessage = Client not connected, current status:UNHEALTHY
21:08:58:454 ERROR 20288 --- [com.alibaba.nacos.client.naming.updater.6] com.alibaba.nacos.common.remote.client   : Send request fail, request = ServiceQueryRequest{headers={app=unknown}, requestId='null'}, retryTimes = 1, errorMessage = Client not connected, current status:UNHEALTHY
21:08:58:562 ERROR 20288 --- [com.alibaba.nacos.client.naming.updater.6] com.alibaba.nacos.common.remote.client   : Send request fail, request = ServiceQueryRequest{headers={app=unknown}, requestId='null'}, retryTimes = 2, errorMessage = Client not connected, current status:UNHEALTHY
21:09:00:676 ERROR 20288 --- [com.alibaba.nacos.client.naming.updater.6] com.alibaba.nacos.common.remote.client   : Send request fail, request = ServiceQueryRequest{headers={app=unknown}, requestId='null'}, retryTimes = 0, errorMessage = Client not connected, current status:UNHEALTHY
21:09:00:786 ERROR 20288 --- [com.alibaba.nacos.client.naming.updater.6] com.alibaba.nacos.common.remote.client   : Send request fail, request = ServiceQueryRequest{headers={app=unknown}, requestId='null'}, retryTimes = 1, errorMessage = Client not connected, current status:UNHEALTHY
21:09:00:817 ERROR 20288 --- [com.alibaba.nacos.client.remote.worker] c.a.n.c.remote.client.grpc.GrpcClient    : Server check fail, please check server 10.13.0.128 ,port 9848 is available , error ={}

java.util.concurrent.TimeoutException: Waited 3000 milliseconds (plus 10 milliseconds, 596900 nanoseconds delay) for com.alibaba.nacos.shaded.io.grpc.stub.ClientCalls$GrpcFuture@7c8e89d9[status=PENDING, info=[GrpcFuture{clientCall={delegate={delegate=ClientCallImpl{method=MethodDescriptor{fullMethodName=Request/request, type=UNARY, idempotent=false, safe=false, sampledToLocalTracing=true, requestMarshaller=com.alibaba.nacos.shaded.io.grpc.protobuf.lite.ProtoLiteUtils$MessageMarshaller@2d996d3c, responseMarshaller=com.alibaba.nacos.shaded.io.grpc.protobuf.lite.ProtoLiteUtils$MessageMarshaller@2254abda, schemaDescriptor=com.alibaba.nacos.api.grpc.auto.RequestGrpc$RequestMethodDescriptorSupplier@2b38e1d9}}}}}]]
	at com.alibaba.nacos.shaded.com.google.common.util.concurrent.AbstractFuture.get(AbstractFuture.java:508) ~[nacos-client-2.0.4.jar:na]
	at com.alibaba.nacos.common.remote.client.grpc.GrpcClient.serverCheck(GrpcClient.java:148) ~[nacos-client-2.0.4.jar:na]
	at com.alibaba.nacos.common.remote.client.grpc.GrpcClient.connectToServer(GrpcClient.java:264) ~[nacos-client-2.0.4.jar:na]
	at com.alibaba.nacos.common.remote.client.RpcClient.reconnect(RpcClient.java:522) ~[nacos-client-2.0.4.jar:na]
	at com.alibaba.nacos.common.remote.client.RpcClient.lambda$start$2(RpcClient.java:370) ~[nacos-client-2.0.4.jar:na]
	at java.base/java.util.concurrent.Executors$RunnableAdapter.call(Executors.java:515) ~[na:na]
	at java.base/java.util.concurrent.FutureTask.run(FutureTask.java:264) ~[na:na]
	at java.base/java.util.concurrent.ScheduledThreadPoolExecutor$ScheduledFutureTask.run(ScheduledThreadPoolExecutor.java:304) ~[na:na]
	at java.base/java.util.concurrent.ThreadPoolExecutor.runWorker(ThreadPoolExecutor.java:1128) ~[na:na]
	at java.base/java.util.concurrent.ThreadPoolExecutor$Worker.run(ThreadPoolExecutor.java:628) ~[na:na]
	at java.base/java.lang.Thread.run(Thread.java:834) ~[na:na]

21:09:00:818  INFO 20288 --- [com.alibaba.nacos.client.remote.worker] com.alibaba.nacos.common.remote.client   : [e4e8d49c-0c47-4db0-9674-b61b2c2578df] Fail to connect server, after trying 3 times, last try server is {serverIp = '10.13.0.128', server main port = 8848}, error = unknown
21:09:00:894 ERROR 20288 --- [com.alibaba.nacos.client.naming.updater.6] com.alibaba.nacos.common.remote.client   : Send request fail, request = ServiceQueryRequest{headers={app=unknown}, requestId='null'}, retryTimes = 2, errorMessage = Client not connected, current status:UNHEALTHY
21:09:04:239 ERROR 20288 --- [com.alibaba.nacos.client.remote.worker] c.a.n.c.remote.client.grpc.GrpcClient    : Server check fail, please check server 10.13.0.128 ,port 9848 is available , error ={}

java.util.concurrent.TimeoutException: Waited 3000 milliseconds (plus 15 milliseconds, 141900 nanoseconds delay) for com.alibaba.nacos.shaded.io.grpc.stub.ClientCalls$GrpcFuture@386381fe[status=PENDING, info=[GrpcFuture{clientCall={delegate={delegate=ClientCallImpl{method=MethodDescriptor{fullMethodName=Request/request, type=UNARY, idempotent=false, safe=false, sampledToLocalTracing=true, requestMarshaller=com.alibaba.nacos.shaded.io.grpc.protobuf.lite.ProtoLiteUtils$MessageMarshaller@2d996d3c, responseMarshaller=com.alibaba.nacos.shaded.io.grpc.protobuf.lite.ProtoLiteUtils$MessageMarshaller@2254abda, schemaDescriptor=com.alibaba.nacos.api.grpc.auto.RequestGrpc$RequestMethodDescriptorSupplier@2b38e1d9}}}}}]]
	at com.alibaba.nacos.shaded.com.google.common.util.concurrent.AbstractFuture.get(AbstractFuture.java:508) ~[nacos-client-2.0.4.jar:na]
	at com.alibaba.nacos.common.remote.client.grpc.GrpcClient.serverCheck(GrpcClient.java:148) ~[nacos-client-2.0.4.jar:na]
	at com.alibaba.nacos.common.remote.client.grpc.GrpcClient.connectToServer(GrpcClient.java:264) ~[nacos-client-2.0.4.jar:na]
	at com.alibaba.nacos.common.remote.client.RpcClient.reconnect(RpcClient.java:522) ~[nacos-client-2.0.4.jar:na]
	at com.alibaba.nacos.common.remote.client.RpcClient.lambda$start$2(RpcClient.java:370) ~[nacos-client-2.0.4.jar:na]
	at java.base/java.util.concurrent.Executors$RunnableAdapter.call(Executors.java:515) ~[na:na]
	at java.base/java.util.concurrent.FutureTask.run(FutureTask.java:264) ~[na:na]
	at java.base/java.util.concurrent.ScheduledThreadPoolExecutor$ScheduledFutureTask.run(ScheduledThreadPoolExecutor.java:304) ~[na:na]
	at java.base/java.util.concurrent.ThreadPoolExecutor.runWorker(ThreadPoolExecutor.java:1128) ~[na:na]
	at java.base/java.util.concurrent.ThreadPoolExecutor$Worker.run(ThreadPoolExecutor.java:628) ~[na:na]
	at java.base/java.lang.Thread.run(Thread.java:834) ~[na:na]

21:09:04:240  INFO 20288 --- [com.alibaba.nacos.client.remote.worker] com.alibaba.nacos.common.remote.client   : [e4e8d49c-0c47-4db0-9674-b61b2c2578df] Fail to connect server, after trying 4 times, last try server is {serverIp = '10.13.0.128', server main port = 8848}, error = unknown
21:09:05:017 ERROR 20288 --- [com.alibaba.nacos.client.naming.updater.6] com.alibaba.nacos.common.remote.client   : Send request fail, request = ServiceQueryRequest{headers={app=unknown}, requestId='null'}, retryTimes = 0, errorMessage = Client not connected, current status:UNHEALTHY
21:09:05:125 ERROR 20288 --- [com.alibaba.nacos.client.naming.updater.6] com.alibaba.nacos.common.remote.client   : Send request fail, request = ServiceQueryRequest{headers={app=unknown}, requestId='null'}, retryTimes = 1, errorMessage = Client not connected, current status:UNHEALTHY
21:09:05:232 ERROR 20288 --- [com.alibaba.nacos.client.naming.updater.6] com.alibaba.nacos.common.remote.client   : Send request fail, request = ServiceQueryRequest{headers={app=unknown}, requestId='null'}, retryTimes = 2, errorMessage = Client not connected, current status:UNHEALTHY
21:09:05:883  INFO 20288 --- [com.alibaba.nacos.client.remote.worker] com.alibaba.nacos.common.remote.client   : [e4e8d49c-0c47-4db0-9674-b61b2c2578df] Success to connect a server [10.13.0.128:8848], connectionId = 1702127345750_10.31.191.90_11033
21:09:05:883  INFO 20288 --- [com.alibaba.nacos.client.remote.worker] com.alibaba.nacos.common.remote.client   : [e4e8d49c-0c47-4db0-9674-b61b2c2578df] Abandon prev connection, server is 10.13.0.128:8848, connectionId is 1702125656616_10.31.191.90_9501
21:09:05:884  INFO 20288 --- [com.alibaba.nacos.client.remote.worker] com.alibaba.nacos.common.remote.client   : Close current connection 1702125656616_10.31.191.90_9501
21:09:05:884  INFO 20288 --- [com.alibaba.nacos.client.remote.worker] com.alibaba.nacos.common.remote.client   : [e4e8d49c-0c47-4db0-9674-b61b2c2578df] Notify disconnected event to listeners
21:09:05:885  INFO 20288 --- [com.alibaba.nacos.client.remote.worker] com.alibaba.nacos.common.remote.client   : [e4e8d49c-0c47-4db0-9674-b61b2c2578df] Notify connected event to listeners.
21:09:05:887  WARN 20288 --- [nacos-grpc-client-executor-358] c.a.n.c.remote.client.grpc.GrpcClient    : [1702125656616_10.31.191.90_9501]Ignore error event,isRunning:true,isAbandon=true
21:09:06:489  INFO 20288 --- [nacos-grpc-client-executor-362] com.alibaba.nacos.common.remote.client   : [e4e8d49c-0c47-4db0-9674-b61b2c2578df] Receive server push request, request = NotifySubscriberRequest, requestId = 78
21:09:06:490  INFO 20288 --- [nacos-grpc-client-executor-362] com.alibaba.nacos.common.remote.client   : [e4e8d49c-0c47-4db0-9674-b61b2c2578df] Ack server push request, request = NotifySubscriberRequest, requestId = 78
21:56:28:966 DEBUG 20288 --- [http-nio-8081-exec-4] c.h.i.mapper.ItemMapper.selectBatchIds   : ==>  Preparing: SELECT id,name,price,stock,image,category,brand,spec,sold,comment_count,isAD,status,create_time,update_time,creater,updater FROM item WHERE id IN ( ? )
21:56:28:966 DEBUG 20288 --- [http-nio-8081-exec-4] c.h.i.mapper.ItemMapper.selectBatchIds   : ==> Parameters: 100000006163(Long)
21:56:28:971 DEBUG 20288 --- [http-nio-8081-exec-4] c.h.i.mapper.ItemMapper.selectBatchIds   : <==      Total: 1
21:56:36:322 DEBUG 20288 --- [http-nio-8081-exec-5] c.h.i.mapper.ItemMapper.selectBatchIds   : ==>  Preparing: SELECT id,name,price,stock,image,category,brand,spec,sold,comment_count,isAD,status,create_time,update_time,creater,updater FROM item WHERE id IN ( ? )
21:56:36:322 DEBUG 20288 --- [http-nio-8081-exec-5] c.h.i.mapper.ItemMapper.selectBatchIds   : ==> Parameters: 100000006163(Long)
21:56:36:327 DEBUG 20288 --- [http-nio-8081-exec-5] c.h.i.mapper.ItemMapper.selectBatchIds   : <==      Total: 1
21:56:47:507 DEBUG 20288 --- [http-nio-8081-exec-6] c.h.i.mapper.ItemMapper.selectBatchIds   : ==>  Preparing: SELECT id,name,price,stock,image,category,brand,spec,sold,comment_count,isAD,status,create_time,update_time,creater,updater FROM item WHERE id IN ( ? )
21:56:47:508 DEBUG 20288 --- [http-nio-8081-exec-6] c.h.i.mapper.ItemMapper.selectBatchIds   : ==> Parameters: 100000006163(Long)
21:56:47:511 DEBUG 20288 --- [http-nio-8081-exec-6] c.h.i.mapper.ItemMapper.selectBatchIds   : <==      Total: 1
21:57:11:526 DEBUG 20288 --- [http-nio-8081-exec-7] c.h.i.mapper.ItemMapper.selectBatchIds   : ==>  Preparing: SELECT id,name,price,stock,image,category,brand,spec,sold,comment_count,isAD,status,create_time,update_time,creater,updater FROM item WHERE id IN ( ? )
21:57:11:527 DEBUG 20288 --- [http-nio-8081-exec-7] c.h.i.mapper.ItemMapper.selectBatchIds   : ==> Parameters: 100000006163(Long)
21:57:11:532 DEBUG 20288 --- [http-nio-8081-exec-7] c.h.i.mapper.ItemMapper.selectBatchIds   : <==      Total: 1
21:57:11:925 DEBUG 20288 --- [http-nio-8081-exec-8] c.h.i.mapper.ItemMapper.selectBatchIds   : ==>  Preparing: SELECT id,name,price,stock,image,category,brand,spec,sold,comment_count,isAD,status,create_time,update_time,creater,updater FROM item WHERE id IN ( ? )
21:57:11:926 DEBUG 20288 --- [http-nio-8081-exec-8] c.h.i.mapper.ItemMapper.selectBatchIds   : ==> Parameters: 100000006163(Long)
21:57:11:929 DEBUG 20288 --- [http-nio-8081-exec-8] c.h.i.mapper.ItemMapper.selectBatchIds   : <==      Total: 1
21:57:25:128 DEBUG 20288 --- [http-nio-8081-exec-10] c.h.i.mapper.ItemMapper.selectBatchIds   : ==>  Preparing: SELECT id,name,price,stock,image,category,brand,spec,sold,comment_count,isAD,status,create_time,update_time,creater,updater FROM item WHERE id IN ( ? )
21:57:25:128 DEBUG 20288 --- [http-nio-8081-exec-10] c.h.i.mapper.ItemMapper.selectBatchIds   : ==> Parameters: 100000006163(Long)
21:57:25:132 DEBUG 20288 --- [http-nio-8081-exec-10] c.h.i.mapper.ItemMapper.selectBatchIds   : <==      Total: 1
21:57:33:965 DEBUG 20288 --- [http-nio-8081-exec-9] c.h.i.mapper.ItemMapper.selectBatchIds   : ==>  Preparing: SELECT id,name,price,stock,image,category,brand,spec,sold,comment_count,isAD,status,create_time,update_time,creater,updater FROM item WHERE id IN ( ? )
21:57:33:966 DEBUG 20288 --- [http-nio-8081-exec-9] c.h.i.mapper.ItemMapper.selectBatchIds   : ==> Parameters: 100000006163(Long)
21:57:33:969 DEBUG 20288 --- [http-nio-8081-exec-9] c.h.i.mapper.ItemMapper.selectBatchIds   : <==      Total: 1
21:57:44:663 DEBUG 20288 --- [http-nio-8081-exec-1] c.h.i.mapper.ItemMapper.selectBatchIds   : ==>  Preparing: SELECT id,name,price,stock,image,category,brand,spec,sold,comment_count,isAD,status,create_time,update_time,creater,updater FROM item WHERE id IN ( ? )
21:57:44:664 DEBUG 20288 --- [http-nio-8081-exec-1] c.h.i.mapper.ItemMapper.selectBatchIds   : ==> Parameters: 100000006163(Long)
21:57:44:667 DEBUG 20288 --- [http-nio-8081-exec-1] c.h.i.mapper.ItemMapper.selectBatchIds   : <==      Total: 1
21:57:49:003 DEBUG 20288 --- [http-nio-8081-exec-2] c.h.i.mapper.ItemMapper.selectBatchIds   : ==>  Preparing: SELECT id,name,price,stock,image,category,brand,spec,sold,comment_count,isAD,status,create_time,update_time,creater,updater FROM item WHERE id IN ( ? )
21:57:49:003 DEBUG 20288 --- [http-nio-8081-exec-2] c.h.i.mapper.ItemMapper.selectBatchIds   : ==> Parameters: 100000006163(Long)
21:57:49:007 DEBUG 20288 --- [http-nio-8081-exec-2] c.h.i.mapper.ItemMapper.selectBatchIds   : <==      Total: 1
21:58:51:814 DEBUG 20288 --- [http-nio-8081-exec-4] c.h.i.mapper.ItemMapper.selectBatchIds   : ==>  Preparing: SELECT id,name,price,stock,image,category,brand,spec,sold,comment_count,isAD,status,create_time,update_time,creater,updater FROM item WHERE id IN ( ? )
21:58:51:815 DEBUG 20288 --- [http-nio-8081-exec-4] c.h.i.mapper.ItemMapper.selectBatchIds   : ==> Parameters: 100000006163(Long)
21:58:51:820 DEBUG 20288 --- [http-nio-8081-exec-4] c.h.i.mapper.ItemMapper.selectBatchIds   : <==      Total: 1
21:59:04:779 DEBUG 20288 --- [http-nio-8081-exec-5] c.h.i.mapper.ItemMapper.selectBatchIds   : ==>  Preparing: SELECT id,name,price,stock,image,category,brand,spec,sold,comment_count,isAD,status,create_time,update_time,creater,updater FROM item WHERE id IN ( ? )
21:59:04:779 DEBUG 20288 --- [http-nio-8081-exec-5] c.h.i.mapper.ItemMapper.selectBatchIds   : ==> Parameters: 100000006163(Long)
21:59:04:782 DEBUG 20288 --- [http-nio-8081-exec-5] c.h.i.mapper.ItemMapper.selectBatchIds   : <==      Total: 1
21:59:06:666 DEBUG 20288 --- [http-nio-8081-exec-6] c.h.i.mapper.ItemMapper.selectBatchIds   : ==>  Preparing: SELECT id,name,price,stock,image,category,brand,spec,sold,comment_count,isAD,status,create_time,update_time,creater,updater FROM item WHERE id IN ( ? )
21:59:06:666 DEBUG 20288 --- [http-nio-8081-exec-6] c.h.i.mapper.ItemMapper.selectBatchIds   : ==> Parameters: 100000006163(Long)
21:59:06:670 DEBUG 20288 --- [http-nio-8081-exec-6] c.h.i.mapper.ItemMapper.selectBatchIds   : <==      Total: 1
21:59:16:576 DEBUG 20288 --- [http-nio-8081-exec-7] c.h.i.mapper.ItemMapper.selectBatchIds   : ==>  Preparing: SELECT id,name,price,stock,image,category,brand,spec,sold,comment_count,isAD,status,create_time,update_time,creater,updater FROM item WHERE id IN ( ? )
21:59:16:577 DEBUG 20288 --- [http-nio-8081-exec-7] c.h.i.mapper.ItemMapper.selectBatchIds   : ==> Parameters: 100000006163(Long)
21:59:16:580 DEBUG 20288 --- [http-nio-8081-exec-7] c.h.i.mapper.ItemMapper.selectBatchIds   : <==      Total: 1
21:59:18:953 DEBUG 20288 --- [http-nio-8081-exec-8] c.h.i.mapper.ItemMapper.selectBatchIds   : ==>  Preparing: SELECT id,name,price,stock,image,category,brand,spec,sold,comment_count,isAD,status,create_time,update_time,creater,updater FROM item WHERE id IN ( ? )
21:59:18:954 DEBUG 20288 --- [http-nio-8081-exec-8] c.h.i.mapper.ItemMapper.selectBatchIds   : ==> Parameters: 100000006163(Long)
21:59:18:961 DEBUG 20288 --- [http-nio-8081-exec-8] c.h.i.mapper.ItemMapper.selectBatchIds   : <==      Total: 1
21:59:21:027 DEBUG 20288 --- [http-nio-8081-exec-10] c.h.i.m.ItemMapper.selectPage_mpCount    : ==>  Preparing: SELECT COUNT(*) FROM item WHERE (status = ?)
21:59:21:028 DEBUG 20288 --- [http-nio-8081-exec-10] c.h.i.m.ItemMapper.selectPage_mpCount    : ==> Parameters: 1(Integer)
21:59:21:077 DEBUG 20288 --- [http-nio-8081-exec-10] c.h.i.m.ItemMapper.selectPage_mpCount    : <==      Total: 1
21:59:21:088 DEBUG 20288 --- [http-nio-8081-exec-10] c.h.item.mapper.ItemMapper.selectPage    : ==>  Preparing: SELECT id, name, price, stock, image, category, brand, spec, sold, comment_count, isAD, status, create_time, update_time, creater, updater FROM item WHERE (status = ?) ORDER BY update_time DESC LIMIT ?
21:59:21:088 DEBUG 20288 --- [http-nio-8081-exec-10] c.h.item.mapper.ItemMapper.selectPage    : ==> Parameters: 1(Integer), 20(Long)
21:59:21:253 DEBUG 20288 --- [http-nio-8081-exec-10] c.h.item.mapper.ItemMapper.selectPage    : <==      Total: 20
21:59:23:209 DEBUG 20288 --- [http-nio-8081-exec-9] c.h.i.mapper.ItemMapper.selectBatchIds   : ==>  Preparing: SELECT id,name,price,stock,image,category,brand,spec,sold,comment_count,isAD,status,create_time,update_time,creater,updater FROM item WHERE id IN ( ? , ? )
21:59:23:209 DEBUG 20288 --- [http-nio-8081-exec-9] c.h.i.mapper.ItemMapper.selectBatchIds   : ==> Parameters: 40305713537(Long), 100000006163(Long)
21:59:23:213 DEBUG 20288 --- [http-nio-8081-exec-9] c.h.i.mapper.ItemMapper.selectBatchIds   : <==      Total: 2
21:59:58:047 DEBUG 20288 --- [http-nio-8081-exec-1] c.h.i.mapper.ItemMapper.selectBatchIds   : ==>  Preparing: SELECT id,name,price,stock,image,category,brand,spec,sold,comment_count,isAD,status,create_time,update_time,creater,updater FROM item WHERE id IN ( ? )
21:59:58:047 DEBUG 20288 --- [http-nio-8081-exec-1] c.h.i.mapper.ItemMapper.selectBatchIds   : ==> Parameters: 40305713537(Long)
21:59:58:051 DEBUG 20288 --- [http-nio-8081-exec-1] c.h.i.mapper.ItemMapper.selectBatchIds   : <==      Total: 1
21:59:58:232  WARN 20288 --- [http-nio-8081-exec-2] c.h.item.service.impl.ItemServiceImpl    : SqlSession [org.apache.ibatis.session.defaults.DefaultSqlSession@3143affc] Transaction not enabled
21:59:58:233 DEBUG 20288 --- [http-nio-8081-exec-2] c.h.item.mapper.ItemMapper.updateStock   : ==>  Preparing: UPDATE item SET stock = stock - ? WHERE id = ?
21:59:58:234 DEBUG 20288 --- [http-nio-8081-exec-2] c.h.item.mapper.ItemMapper.updateStock   : ==> Parameters: 1(Integer), 40305713537(Long)
22:01:47:365 DEBUG 20288 --- [http-nio-8081-exec-6] c.h.i.mapper.ItemMapper.selectBatchIds   : ==>  Preparing: SELECT id,name,price,stock,image,category,brand,spec,sold,comment_count,isAD,status,create_time,update_time,creater,updater FROM item WHERE id IN ( ? , ? )
22:01:47:365 DEBUG 20288 --- [http-nio-8081-exec-6] c.h.i.mapper.ItemMapper.selectBatchIds   : ==> Parameters: 40305713537(Long), 100000006163(Long)
22:01:47:379 DEBUG 20288 --- [http-nio-8081-exec-6] c.h.i.mapper.ItemMapper.selectBatchIds   : <==      Total: 2
22:01:49:571 DEBUG 20288 --- [http-nio-8081-exec-7] c.h.i.mapper.ItemMapper.selectBatchIds   : ==>  Preparing: SELECT id,name,price,stock,image,category,brand,spec,sold,comment_count,isAD,status,create_time,update_time,creater,updater FROM item WHERE id IN ( ? )
22:01:49:572 DEBUG 20288 --- [http-nio-8081-exec-7] c.h.i.mapper.ItemMapper.selectBatchIds   : ==> Parameters: 40305713537(Long)
22:01:49:574 DEBUG 20288 --- [http-nio-8081-exec-7] c.h.i.mapper.ItemMapper.selectBatchIds   : <==      Total: 1
22:03:03:913 DEBUG 20288 --- [http-nio-8081-exec-10] c.h.i.mapper.ItemMapper.selectBatchIds   : ==>  Preparing: SELECT id,name,price,stock,image,category,brand,spec,sold,comment_count,isAD,status,create_time,update_time,creater,updater FROM item WHERE id IN ( ? )
22:03:03:914 DEBUG 20288 --- [http-nio-8081-exec-10] c.h.i.mapper.ItemMapper.selectBatchIds   : ==> Parameters: 40305713537(Long)
22:03:03:916 DEBUG 20288 --- [http-nio-8081-exec-10] c.h.i.mapper.ItemMapper.selectBatchIds   : <==      Total: 1
22:03:03:948  WARN 20288 --- [http-nio-8081-exec-9] c.h.item.service.impl.ItemServiceImpl    : SqlSession [org.apache.ibatis.session.defaults.DefaultSqlSession@77fd9ced] Transaction not enabled
22:03:03:948 DEBUG 20288 --- [http-nio-8081-exec-9] c.h.item.mapper.ItemMapper.updateStock   : ==>  Preparing: UPDATE item SET stock = stock - ? WHERE id = ?
22:03:03:949 DEBUG 20288 --- [http-nio-8081-exec-9] c.h.item.mapper.ItemMapper.updateStock   : ==> Parameters: 1(Integer), 40305713537(Long)
22:03:20:821 DEBUG 20288 --- [http-nio-8081-exec-1] c.h.i.mapper.ItemMapper.selectBatchIds   : ==>  Preparing: SELECT id,name,price,stock,image,category,brand,spec,sold,comment_count,isAD,status,create_time,update_time,creater,updater FROM item WHERE id IN ( ? )
22:03:20:821 DEBUG 20288 --- [http-nio-8081-exec-1] c.h.i.mapper.ItemMapper.selectBatchIds   : ==> Parameters: 40305713537(Long)
22:03:20:824 DEBUG 20288 --- [http-nio-8081-exec-1] c.h.i.mapper.ItemMapper.selectBatchIds   : <==      Total: 1
22:13:02:205 DEBUG 20288 --- [http-nio-8081-exec-4] c.h.i.mapper.ItemMapper.selectBatchIds   : ==>  Preparing: SELECT id,name,price,stock,image,category,brand,spec,sold,comment_count,isAD,status,create_time,update_time,creater,updater FROM item WHERE id IN ( ? )
22:13:02:206 DEBUG 20288 --- [http-nio-8081-exec-4] c.h.i.mapper.ItemMapper.selectBatchIds   : ==> Parameters: 40305713537(Long)
22:13:02:209 DEBUG 20288 --- [http-nio-8081-exec-4] c.h.i.mapper.ItemMapper.selectBatchIds   : <==      Total: 1
22:13:02:346  WARN 20288 --- [http-nio-8081-exec-5] c.h.item.service.impl.ItemServiceImpl    : SqlSession [org.apache.ibatis.session.defaults.DefaultSqlSession@b5a58ca] Transaction not enabled
22:13:02:346 DEBUG 20288 --- [http-nio-8081-exec-5] c.h.item.mapper.ItemMapper.updateStock   : ==>  Preparing: UPDATE item SET stock = stock - ? WHERE id = ?
22:13:02:346 DEBUG 20288 --- [http-nio-8081-exec-5] c.h.item.mapper.ItemMapper.updateStock   : ==> Parameters: 1(Integer), 40305713537(Long)
22:13:24:885  WARN 20288 --- [Thread-7] c.a.n.common.http.HttpClientBeanHolder   : [HttpClientBeanHolder] Start destroying common HttpClient
22:13:24:885  WARN 20288 --- [Thread-4] c.a.nacos.common.notify.NotifyCenter     : [NotifyCenter] Start destroying Publisher
22:13:24:885  WARN 20288 --- [Thread-4] c.a.nacos.common.notify.NotifyCenter     : [NotifyCenter] Destruction of the end
22:13:24:887  WARN 20288 --- [Thread-7] c.a.n.common.http.HttpClientBeanHolder   : [HttpClientBeanHolder] Destruction of the end
22:13:25:184  INFO 20288 --- [SpringApplicationShutdownHook] c.a.c.n.registry.NacosServiceRegistry    : De-registering from Nacos Server now...
22:13:25:188  INFO 20288 --- [SpringApplicationShutdownHook] c.a.c.n.registry.NacosServiceRegistry    : De-registration finished.
22:13:25:508  INFO 20288 --- [SpringApplicationShutdownHook] com.alibaba.nacos.common.remote.client   : Shutdown rpc client, set status to shutdown
22:13:25:508  INFO 20288 --- [SpringApplicationShutdownHook] com.alibaba.nacos.common.remote.client   : Shutdown client event executor java.util.concurrent.ScheduledThreadPoolExecutor@74d53c01[Running, pool size = 2, active threads = 2, queued tasks = 0, completed tasks = 0]
22:13:25:510  INFO 20288 --- [SpringApplicationShutdownHook] com.alibaba.nacos.common.remote.client   : Close current connection 1702127345750_10.31.191.90_11033
22:13:25:511  INFO 20288 --- [SpringApplicationShutdownHook] c.a.n.c.remote.client.grpc.GrpcClient    : Shutdown grpc executor java.util.concurrent.ThreadPoolExecutor@4a80d372[Running, pool size = 3, active threads = 0, queued tasks = 0, completed tasks = 1139]
22:13:25:517  INFO 20288 --- [SpringApplicationShutdownHook] com.zaxxer.hikari.HikariDataSource       : HikariPool-1 - Shutdown initiated...
22:13:25:553  INFO 20288 --- [SpringApplicationShutdownHook] com.zaxxer.hikari.HikariDataSource       : HikariPool-1 - Shutdown completed.
